#
# There is insufficient memory for the Java Runtime Environment to continue.
# Native memory allocation (malloc) failed to allocate 35216 bytes for Chunk::new
# Possible reasons:
#   The system is out of physical RAM or swap space
#   The process is running with CompressedOops enabled, and the Java Heap may be blocking the growth of the native heap
# Possible solutions:
#   Reduce memory load on the system
#   Increase physical memory or swap space
#   Check if swap backing store is full
#   Decrease Java heap size (-Xmx/-Xms)
#   Decrease number of Java threads
#   Decrease Java thread stack sizes (-Xss)
#   Set larger code cache with -XX:ReservedCodeCacheSize=
#   JVM is running with Zero Based Compressed Oops mode in which the Java heap is
#     placed in the first 32GB address space. The Java Heap base address is the
#     maximum limit for the native heap growth. Please use -XX:HeapBaseMinAddress
#     to set the Java Heap base and to place the Java Heap above 32GB virtual address.
# This output file may be truncated or incomplete.
#
#  Out of Memory Error (arena.cpp:189), pid=10396, tid=12372
#
# JRE version: OpenJDK Runtime Environment JBR-17.0.4.1+7-469.62-jcef (17.0.4.1+7) (build 17.0.4.1+7-b469.62)
# Java VM: OpenJDK 64-Bit Server VM JBR-17.0.4.1+7-469.62-jcef (17.0.4.1+7-b469.62, mixed mode, tiered, compressed oops, compressed class ptrs, g1 gc, windows-amd64)
# No core dump will be written. Minidumps are not enabled by default on client versions of Windows
#

---------------  S U M M A R Y ------------

Command Line: -javaagent:C:\Program Files\JetBrains\IntelliJ IDEA Community Edition 2022.2.3\lib\idea_rt.jar=57785:C:\Program Files\JetBrains\IntelliJ IDEA Community Edition 2022.2.3\bin -Dfile.encoding=UTF-8 myFirstCode1

Host: Intel(R) Core(TM) i5-10310U CPU @ 1.70GHz, 8 cores, 15G,  Windows 10 , 64 bit Build 19041 (10.0.19041.2251)
Time: Wed Dec  7 13:25:21 2022 Pacific Standard Time elapsed time: 0.373450 seconds (0d 0h 0m 0s)

---------------  T H R E A D  ---------------

Current thread (0x000001a1f8092180):  JavaThread "C2 CompilerThread0" daemon [_thread_in_native, id=12372, stack(0x00000033bd000000,0x00000033bd100000)]


Current CompileTask:
C2:    373  393       4       java.lang.StringLatin1::indexOf (121 bytes)

Stack: [0x00000033bd000000,0x00000033bd100000]
Native frames: (J=compiled Java code, j=interpreted, Vv=VM code, C=native code)
V  [jvm.dll+0x68356a]
V  [jvm.dll+0x83fab4]
V  [jvm.dll+0x84125e]
V  [jvm.dll+0x8418c3]
V  [jvm.dll+0x249735]
V  [jvm.dll+0xabd5c]
V  [jvm.dll+0xac32c]
V  [jvm.dll+0x368842]
V  [jvm.dll+0x1bca72]
V  [jvm.dll+0x21bf99]
V  [jvm.dll+0x21b261]
V  [jvm.dll+0x1a4dfd]
V  [jvm.dll+0x22acd8]
V  [jvm.dll+0x228d89]
V  [jvm.dll+0x7f53ac]
V  [jvm.dll+0x7ef8da]
V  [jvm.dll+0x6823a5]
C  [ucrtbase.dll+0x21bb2]
C  [KERNEL32.DLL+0x174b4]
C  [ntdll.dll+0x526a1]


---------------  P R O C E S S  ---------------

Threads class SMR info:
_java_thread_list=0x000001a1f8717580, length=14, elements={
0x000001a1d6bbbe70, 0x000001a1f8043040, 0x000001a1f8043e40, 0x000001a1f8049530,
0x000001a1f808c030, 0x000001a1f808c9e0, 0x000001a1f8090890, 0x000001a1f8092180,
0x000001a1f809ac30, 0x000001a1f80addf0, 0x000001a1f818c330, 0x000001a1f834b0a0,
0x000001a1f8477eb0, 0x000001a1f8479190
}

Java Threads: ( => current thread )
  0x000001a1d6bbbe70 JavaThread "main" [_thread_in_vm, id=5040, stack(0x00000033bc300000,0x00000033bc400000)]
  0x000001a1f8043040 JavaThread "Reference Handler" daemon [_thread_blocked, id=15640, stack(0x00000033bca00000,0x00000033bcb00000)]
  0x000001a1f8043e40 JavaThread "Finalizer" daemon [_thread_blocked, id=8252, stack(0x00000033bcb00000,0x00000033bcc00000)]
  0x000001a1f8049530 JavaThread "Signal Dispatcher" daemon [_thread_blocked, id=17704, stack(0x00000033bcc00000,0x00000033bcd00000)]
  0x000001a1f808c030 JavaThread "Attach Listener" daemon [_thread_blocked, id=18348, stack(0x00000033bcd00000,0x00000033bce00000)]
  0x000001a1f808c9e0 JavaThread "Service Thread" daemon [_thread_blocked, id=16116, stack(0x00000033bce00000,0x00000033bcf00000)]
  0x000001a1f8090890 JavaThread "Monitor Deflation Thread" daemon [_thread_blocked, id=18680, stack(0x00000033bcf00000,0x00000033bd000000)]
=>0x000001a1f8092180 JavaThread "C2 CompilerThread0" daemon [_thread_in_native, id=12372, stack(0x00000033bd000000,0x00000033bd100000)]
  0x000001a1f809ac30 JavaThread "C1 CompilerThread0" daemon [_thread_in_native, id=9252, stack(0x00000033bd100000,0x00000033bd200000)]
  0x000001a1f80addf0 JavaThread "Sweeper thread" daemon [_thread_blocked, id=18260, stack(0x00000033bd200000,0x00000033bd300000)]
  0x000001a1f818c330 JavaThread "Common-Cleaner" daemon [_thread_blocked, id=15088, stack(0x00000033bd300000,0x00000033bd400000)]
  0x000001a1f834b0a0 JavaThread "C2 CompilerThread1" daemon [_thread_in_native, id=18852, stack(0x00000033bd400000,0x00000033bd500000)]
  0x000001a1f8477eb0 JavaThread "Monitor Ctrl-Break" daemon [_thread_in_native, id=13736, stack(0x00000033bd500000,0x00000033bd600000)]
  0x000001a1f8479190 JavaThread "Notification Thread" daemon [_thread_blocked, id=18660, stack(0x00000033bd600000,0x00000033bd700000)]

Other Threads:
  0x000001a1f767d8f0 VMThread "VM Thread" [stack: 0x00000033bc900000,0x00000033bca00000] [id=15248]
  0x000001a1d6c499d0 WatcherThread [stack: 0x00000033bd700000,0x00000033bd800000] [id=19136]
  0x000001a1d6c292b0 GCTaskThread "GC Thread#0" [stack: 0x00000033bc400000,0x00000033bc500000] [id=5324]
  0x000001a1d6c39e40 ConcurrentGCThread "G1 Main Marker" [stack: 0x00000033bc500000,0x00000033bc600000] [id=10436]
  0x000001a1d6c3aff0 ConcurrentGCThread "G1 Conc#0" [stack: 0x00000033bc600000,0x00000033bc700000] [id=17648]
  0x000001a1f75144f0 ConcurrentGCThread "G1 Refine#0" [stack: 0x00000033bc700000,0x00000033bc800000] [id=14300]
  0x000001a1f7514f10 ConcurrentGCThread "G1 Service" [stack: 0x00000033bc800000,0x00000033bc900000] [id=4756]

Threads with active compile tasks:
C2 CompilerThread0      388  393       4       java.lang.StringLatin1::indexOf (121 bytes)
C1 CompilerThread0      388  401       3       java.net.URLStreamHandler::parseURL (1201 bytes)
C2 CompilerThread1      388  396       4       java.lang.String::startsWith (138 bytes)

VM state: not at safepoint (normal execution)

VM Mutex/Monitor currently owned by a thread: None

Heap address: 0x0000000703a00000, size: 4038 MB, Compressed Oops mode: Zero based, Oop shift amount: 3

CDS archive(s) not mapped
Compressed class space mapped at: 0x0000000800000000-0x0000000840000000, reserved size: 1073741824
Narrow klass base: 0x0000000800000000, Narrow klass shift: 0, Narrow klass range: 0x40000000

GC Precious Log:
 CPUs: 8 total, 8 available
 Memory: 16144M
 Large Page Support: Disabled
 NUMA Support: Disabled
 Compressed Oops: Enabled (Zero based)
 Heap Region Size: 2M
 Heap Min Capacity: 8M
 Heap Initial Capacity: 254M
 Heap Max Capacity: 4038M
 Pre-touch: Disabled
 Parallel Workers: 8
 Concurrent Workers: 2
 Concurrent Refinement Workers: 8
 Periodic GC: Disabled

Heap:
 garbage-first heap   total 260096K, used 6144K [0x0000000703a00000, 0x0000000800000000)
  region size 2048K, 4 young (8192K), 0 survivors (0K)
 Metaspace       used 7953K, committed 8128K, reserved 1056768K
  class space    used 723K, committed 832K, reserved 1048576K

Heap Regions: E=young(eden), S=young(survivor), O=old, HS=humongous(starts), HC=humongous(continues), CS=collection set, F=free, OA=open archive, CA=closed archive, TAMS=top-at-mark-start (previous, next)
|   0|0x0000000703a00000, 0x0000000703a00000, 0x0000000703c00000|  0%| F|  |TAMS 0x0000000703a00000, 0x0000000703a00000| Untracked 
|   1|0x0000000703c00000, 0x0000000703c00000, 0x0000000703e00000|  0%| F|  |TAMS 0x0000000703c00000, 0x0000000703c00000| Untracked 
|   2|0x0000000703e00000, 0x0000000703e00000, 0x0000000704000000|  0%| F|  |TAMS 0x0000000703e00000, 0x0000000703e00000| Untracked 
|   3|0x0000000704000000, 0x0000000704000000, 0x0000000704200000|  0%| F|  |TAMS 0x0000000704000000, 0x0000000704000000| Untracked 
|   4|0x0000000704200000, 0x0000000704200000, 0x0000000704400000|  0%| F|  |TAMS 0x0000000704200000, 0x0000000704200000| Untracked 
|   5|0x0000000704400000, 0x0000000704400000, 0x0000000704600000|  0%| F|  |TAMS 0x0000000704400000, 0x0000000704400000| Untracked 
|   6|0x0000000704600000, 0x0000000704600000, 0x0000000704800000|  0%| F|  |TAMS 0x0000000704600000, 0x0000000704600000| Untracked 
|   7|0x0000000704800000, 0x0000000704800000, 0x0000000704a00000|  0%| F|  |TAMS 0x0000000704800000, 0x0000000704800000| Untracked 
|   8|0x0000000704a00000, 0x0000000704a00000, 0x0000000704c00000|  0%| F|  |TAMS 0x0000000704a00000, 0x0000000704a00000| Untracked 
|   9|0x0000000704c00000, 0x0000000704c00000, 0x0000000704e00000|  0%| F|  |TAMS 0x0000000704c00000, 0x0000000704c00000| Untracked 
|  10|0x0000000704e00000, 0x0000000704e00000, 0x0000000705000000|  0%| F|  |TAMS 0x0000000704e00000, 0x0000000704e00000| Untracked 
|  11|0x0000000705000000, 0x0000000705000000, 0x0000000705200000|  0%| F|  |TAMS 0x0000000705000000, 0x0000000705000000| Untracked 
|  12|0x0000000705200000, 0x0000000705200000, 0x0000000705400000|  0%| F|  |TAMS 0x0000000705200000, 0x0000000705200000| Untracked 
|  13|0x0000000705400000, 0x0000000705400000, 0x0000000705600000|  0%| F|  |TAMS 0x0000000705400000, 0x0000000705400000| Untracked 
|  14|0x0000000705600000, 0x0000000705600000, 0x0000000705800000|  0%| F|  |TAMS 0x0000000705600000, 0x0000000705600000| Untracked 
|  15|0x0000000705800000, 0x0000000705800000, 0x0000000705a00000|  0%| F|  |TAMS 0x0000000705800000, 0x0000000705800000| Untracked 
|  16|0x0000000705a00000, 0x0000000705a00000, 0x0000000705c00000|  0%| F|  |TAMS 0x0000000705a00000, 0x0000000705a00000| Untracked 
|  17|0x0000000705c00000, 0x0000000705c00000, 0x0000000705e00000|  0%| F|  |TAMS 0x0000000705c00000, 0x0000000705c00000| Untracked 
|  18|0x0000000705e00000, 0x0000000705e00000, 0x0000000706000000|  0%| F|  |TAMS 0x0000000705e00000, 0x0000000705e00000| Untracked 
|  19|0x0000000706000000, 0x0000000706000000, 0x0000000706200000|  0%| F|  |TAMS 0x0000000706000000, 0x0000000706000000| Untracked 
|  20|0x0000000706200000, 0x0000000706200000, 0x0000000706400000|  0%| F|  |TAMS 0x0000000706200000, 0x0000000706200000| Untracked 
|  21|0x0000000706400000, 0x0000000706400000, 0x0000000706600000|  0%| F|  |TAMS 0x0000000706400000, 0x0000000706400000| Untracked 
|  22|0x0000000706600000, 0x0000000706600000, 0x0000000706800000|  0%| F|  |TAMS 0x0000000706600000, 0x0000000706600000| Untracked 
|  23|0x0000000706800000, 0x0000000706800000, 0x0000000706a00000|  0%| F|  |TAMS 0x0000000706800000, 0x0000000706800000| Untracked 
|  24|0x0000000706a00000, 0x0000000706a00000, 0x0000000706c00000|  0%| F|  |TAMS 0x0000000706a00000, 0x0000000706a00000| Untracked 
|  25|0x0000000706c00000, 0x0000000706c00000, 0x0000000706e00000|  0%| F|  |TAMS 0x0000000706c00000, 0x0000000706c00000| Untracked 
|  26|0x0000000706e00000, 0x0000000706e00000, 0x0000000707000000|  0%| F|  |TAMS 0x0000000706e00000, 0x0000000706e00000| Untracked 
|  27|0x0000000707000000, 0x0000000707000000, 0x0000000707200000|  0%| F|  |TAMS 0x0000000707000000, 0x0000000707000000| Untracked 
|  28|0x0000000707200000, 0x0000000707200000, 0x0000000707400000|  0%| F|  |TAMS 0x0000000707200000, 0x0000000707200000| Untracked 
|  29|0x0000000707400000, 0x0000000707400000, 0x0000000707600000|  0%| F|  |TAMS 0x0000000707400000, 0x0000000707400000| Untracked 
|  30|0x0000000707600000, 0x0000000707600000, 0x0000000707800000|  0%| F|  |TAMS 0x0000000707600000, 0x0000000707600000| Untracked 
|  31|0x0000000707800000, 0x0000000707800000, 0x0000000707a00000|  0%| F|  |TAMS 0x0000000707800000, 0x0000000707800000| Untracked 
|  32|0x0000000707a00000, 0x0000000707a00000, 0x0000000707c00000|  0%| F|  |TAMS 0x0000000707a00000, 0x0000000707a00000| Untracked 
|  33|0x0000000707c00000, 0x0000000707c00000, 0x0000000707e00000|  0%| F|  |TAMS 0x0000000707c00000, 0x0000000707c00000| Untracked 
|  34|0x0000000707e00000, 0x0000000707e00000, 0x0000000708000000|  0%| F|  |TAMS 0x0000000707e00000, 0x0000000707e00000| Untracked 
|  35|0x0000000708000000, 0x0000000708000000, 0x0000000708200000|  0%| F|  |TAMS 0x0000000708000000, 0x0000000708000000| Untracked 
|  36|0x0000000708200000, 0x0000000708200000, 0x0000000708400000|  0%| F|  |TAMS 0x0000000708200000, 0x0000000708200000| Untracked 
|  37|0x0000000708400000, 0x0000000708400000, 0x0000000708600000|  0%| F|  |TAMS 0x0000000708400000, 0x0000000708400000| Untracked 
|  38|0x0000000708600000, 0x0000000708600000, 0x0000000708800000|  0%| F|  |TAMS 0x0000000708600000, 0x0000000708600000| Untracked 
|  39|0x0000000708800000, 0x0000000708800000, 0x0000000708a00000|  0%| F|  |TAMS 0x0000000708800000, 0x0000000708800000| Untracked 
|  40|0x0000000708a00000, 0x0000000708a00000, 0x0000000708c00000|  0%| F|  |TAMS 0x0000000708a00000, 0x0000000708a00000| Untracked 
|  41|0x0000000708c00000, 0x0000000708c00000, 0x0000000708e00000|  0%| F|  |TAMS 0x0000000708c00000, 0x0000000708c00000| Untracked 
|  42|0x0000000708e00000, 0x0000000708e00000, 0x0000000709000000|  0%| F|  |TAMS 0x0000000708e00000, 0x0000000708e00000| Untracked 
|  43|0x0000000709000000, 0x0000000709000000, 0x0000000709200000|  0%| F|  |TAMS 0x0000000709000000, 0x0000000709000000| Untracked 
|  44|0x0000000709200000, 0x0000000709200000, 0x0000000709400000|  0%| F|  |TAMS 0x0000000709200000, 0x0000000709200000| Untracked 
|  45|0x0000000709400000, 0x0000000709400000, 0x0000000709600000|  0%| F|  |TAMS 0x0000000709400000, 0x0000000709400000| Untracked 
|  46|0x0000000709600000, 0x0000000709600000, 0x0000000709800000|  0%| F|  |TAMS 0x0000000709600000, 0x0000000709600000| Untracked 
|  47|0x0000000709800000, 0x0000000709800000, 0x0000000709a00000|  0%| F|  |TAMS 0x0000000709800000, 0x0000000709800000| Untracked 
|  48|0x0000000709a00000, 0x0000000709a00000, 0x0000000709c00000|  0%| F|  |TAMS 0x0000000709a00000, 0x0000000709a00000| Untracked 
|  49|0x0000000709c00000, 0x0000000709c00000, 0x0000000709e00000|  0%| F|  |TAMS 0x0000000709c00000, 0x0000000709c00000| Untracked 
|  50|0x0000000709e00000, 0x0000000709e00000, 0x000000070a000000|  0%| F|  |TAMS 0x0000000709e00000, 0x0000000709e00000| Untracked 
|  51|0x000000070a000000, 0x000000070a000000, 0x000000070a200000|  0%| F|  |TAMS 0x000000070a000000, 0x000000070a000000| Untracked 
|  52|0x000000070a200000, 0x000000070a200000, 0x000000070a400000|  0%| F|  |TAMS 0x000000070a200000, 0x000000070a200000| Untracked 
|  53|0x000000070a400000, 0x000000070a400000, 0x000000070a600000|  0%| F|  |TAMS 0x000000070a400000, 0x000000070a400000| Untracked 
|  54|0x000000070a600000, 0x000000070a600000, 0x000000070a800000|  0%| F|  |TAMS 0x000000070a600000, 0x000000070a600000| Untracked 
|  55|0x000000070a800000, 0x000000070a800000, 0x000000070aa00000|  0%| F|  |TAMS 0x000000070a800000, 0x000000070a800000| Untracked 
|  56|0x000000070aa00000, 0x000000070aa00000, 0x000000070ac00000|  0%| F|  |TAMS 0x000000070aa00000, 0x000000070aa00000| Untracked 
|  57|0x000000070ac00000, 0x000000070ac00000, 0x000000070ae00000|  0%| F|  |TAMS 0x000000070ac00000, 0x000000070ac00000| Untracked 
|  58|0x000000070ae00000, 0x000000070ae00000, 0x000000070b000000|  0%| F|  |TAMS 0x000000070ae00000, 0x000000070ae00000| Untracked 
|  59|0x000000070b000000, 0x000000070b000000, 0x000000070b200000|  0%| F|  |TAMS 0x000000070b000000, 0x000000070b000000| Untracked 
|  60|0x000000070b200000, 0x000000070b200000, 0x000000070b400000|  0%| F|  |TAMS 0x000000070b200000, 0x000000070b200000| Untracked 
|  61|0x000000070b400000, 0x000000070b400000, 0x000000070b600000|  0%| F|  |TAMS 0x000000070b400000, 0x000000070b400000| Untracked 
|  62|0x000000070b600000, 0x000000070b600000, 0x000000070b800000|  0%| F|  |TAMS 0x000000070b600000, 0x000000070b600000| Untracked 
|  63|0x000000070b800000, 0x000000070b800000, 0x000000070ba00000|  0%| F|  |TAMS 0x000000070b800000, 0x000000070b800000| Untracked 
|  64|0x000000070ba00000, 0x000000070ba00000, 0x000000070bc00000|  0%| F|  |TAMS 0x000000070ba00000, 0x000000070ba00000| Untracked 
|  65|0x000000070bc00000, 0x000000070bc00000, 0x000000070be00000|  0%| F|  |TAMS 0x000000070bc00000, 0x000000070bc00000| Untracked 
|  66|0x000000070be00000, 0x000000070be00000, 0x000000070c000000|  0%| F|  |TAMS 0x000000070be00000, 0x000000070be00000| Untracked 
|  67|0x000000070c000000, 0x000000070c000000, 0x000000070c200000|  0%| F|  |TAMS 0x000000070c000000, 0x000000070c000000| Untracked 
|  68|0x000000070c200000, 0x000000070c200000, 0x000000070c400000|  0%| F|  |TAMS 0x000000070c200000, 0x000000070c200000| Untracked 
|  69|0x000000070c400000, 0x000000070c400000, 0x000000070c600000|  0%| F|  |TAMS 0x000000070c400000, 0x000000070c400000| Untracked 
|  70|0x000000070c600000, 0x000000070c600000, 0x000000070c800000|  0%| F|  |TAMS 0x000000070c600000, 0x000000070c600000| Untracked 
|  71|0x000000070c800000, 0x000000070c800000, 0x000000070ca00000|  0%| F|  |TAMS 0x000000070c800000, 0x000000070c800000| Untracked 
|  72|0x000000070ca00000, 0x000000070ca00000, 0x000000070cc00000|  0%| F|  |TAMS 0x000000070ca00000, 0x000000070ca00000| Untracked 
|  73|0x000000070cc00000, 0x000000070cc00000, 0x000000070ce00000|  0%| F|  |TAMS 0x000000070cc00000, 0x000000070cc00000| Untracked 
|  74|0x000000070ce00000, 0x000000070ce00000, 0x000000070d000000|  0%| F|  |TAMS 0x000000070ce00000, 0x000000070ce00000| Untracked 
|  75|0x000000070d000000, 0x000000070d000000, 0x000000070d200000|  0%| F|  |TAMS 0x000000070d000000, 0x000000070d000000| Untracked 
|  76|0x000000070d200000, 0x000000070d200000, 0x000000070d400000|  0%| F|  |TAMS 0x000000070d200000, 0x000000070d200000| Untracked 
|  77|0x000000070d400000, 0x000000070d400000, 0x000000070d600000|  0%| F|  |TAMS 0x000000070d400000, 0x000000070d400000| Untracked 
|  78|0x000000070d600000, 0x000000070d600000, 0x000000070d800000|  0%| F|  |TAMS 0x000000070d600000, 0x000000070d600000| Untracked 
|  79|0x000000070d800000, 0x000000070d800000, 0x000000070da00000|  0%| F|  |TAMS 0x000000070d800000, 0x000000070d800000| Untracked 
|  80|0x000000070da00000, 0x000000070da00000, 0x000000070dc00000|  0%| F|  |TAMS 0x000000070da00000, 0x000000070da00000| Untracked 
|  81|0x000000070dc00000, 0x000000070dc00000, 0x000000070de00000|  0%| F|  |TAMS 0x000000070dc00000, 0x000000070dc00000| Untracked 
|  82|0x000000070de00000, 0x000000070de00000, 0x000000070e000000|  0%| F|  |TAMS 0x000000070de00000, 0x000000070de00000| Untracked 
|  83|0x000000070e000000, 0x000000070e000000, 0x000000070e200000|  0%| F|  |TAMS 0x000000070e000000, 0x000000070e000000| Untracked 
|  84|0x000000070e200000, 0x000000070e200000, 0x000000070e400000|  0%| F|  |TAMS 0x000000070e200000, 0x000000070e200000| Untracked 
|  85|0x000000070e400000, 0x000000070e400000, 0x000000070e600000|  0%| F|  |TAMS 0x000000070e400000, 0x000000070e400000| Untracked 
|  86|0x000000070e600000, 0x000000070e600000, 0x000000070e800000|  0%| F|  |TAMS 0x000000070e600000, 0x000000070e600000| Untracked 
|  87|0x000000070e800000, 0x000000070e800000, 0x000000070ea00000|  0%| F|  |TAMS 0x000000070e800000, 0x000000070e800000| Untracked 
|  88|0x000000070ea00000, 0x000000070ea00000, 0x000000070ec00000|  0%| F|  |TAMS 0x000000070ea00000, 0x000000070ea00000| Untracked 
|  89|0x000000070ec00000, 0x000000070ec00000, 0x000000070ee00000|  0%| F|  |TAMS 0x000000070ec00000, 0x000000070ec00000| Untracked 
|  90|0x000000070ee00000, 0x000000070ee00000, 0x000000070f000000|  0%| F|  |TAMS 0x000000070ee00000, 0x000000070ee00000| Untracked 
|  91|0x000000070f000000, 0x000000070f000000, 0x000000070f200000|  0%| F|  |TAMS 0x000000070f000000, 0x000000070f000000| Untracked 
|  92|0x000000070f200000, 0x000000070f200000, 0x000000070f400000|  0%| F|  |TAMS 0x000000070f200000, 0x000000070f200000| Untracked 
|  93|0x000000070f400000, 0x000000070f400000, 0x000000070f600000|  0%| F|  |TAMS 0x000000070f400000, 0x000000070f400000| Untracked 
|  94|0x000000070f600000, 0x000000070f600000, 0x000000070f800000|  0%| F|  |TAMS 0x000000070f600000, 0x000000070f600000| Untracked 
|  95|0x000000070f800000, 0x000000070f800000, 0x000000070fa00000|  0%| F|  |TAMS 0x000000070f800000, 0x000000070f800000| Untracked 
|  96|0x000000070fa00000, 0x000000070fa00000, 0x000000070fc00000|  0%| F|  |TAMS 0x000000070fa00000, 0x000000070fa00000| Untracked 
|  97|0x000000070fc00000, 0x000000070fc00000, 0x000000070fe00000|  0%| F|  |TAMS 0x000000070fc00000, 0x000000070fc00000| Untracked 
|  98|0x000000070fe00000, 0x000000070fe00000, 0x0000000710000000|  0%| F|  |TAMS 0x000000070fe00000, 0x000000070fe00000| Untracked 
|  99|0x0000000710000000, 0x0000000710000000, 0x0000000710200000|  0%| F|  |TAMS 0x0000000710000000, 0x0000000710000000| Untracked 
| 100|0x0000000710200000, 0x0000000710200000, 0x0000000710400000|  0%| F|  |TAMS 0x0000000710200000, 0x0000000710200000| Untracked 
| 101|0x0000000710400000, 0x0000000710400000, 0x0000000710600000|  0%| F|  |TAMS 0x0000000710400000, 0x0000000710400000| Untracked 
| 102|0x0000000710600000, 0x0000000710600000, 0x0000000710800000|  0%| F|  |TAMS 0x0000000710600000, 0x0000000710600000| Untracked 
| 103|0x0000000710800000, 0x0000000710800000, 0x0000000710a00000|  0%| F|  |TAMS 0x0000000710800000, 0x0000000710800000| Untracked 
| 104|0x0000000710a00000, 0x0000000710a00000, 0x0000000710c00000|  0%| F|  |TAMS 0x0000000710a00000, 0x0000000710a00000| Untracked 
| 105|0x0000000710c00000, 0x0000000710c00000, 0x0000000710e00000|  0%| F|  |TAMS 0x0000000710c00000, 0x0000000710c00000| Untracked 
| 106|0x0000000710e00000, 0x0000000710e00000, 0x0000000711000000|  0%| F|  |TAMS 0x0000000710e00000, 0x0000000710e00000| Untracked 
| 107|0x0000000711000000, 0x0000000711000000, 0x0000000711200000|  0%| F|  |TAMS 0x0000000711000000, 0x0000000711000000| Untracked 
| 108|0x0000000711200000, 0x0000000711200000, 0x0000000711400000|  0%| F|  |TAMS 0x0000000711200000, 0x0000000711200000| Untracked 
| 109|0x0000000711400000, 0x0000000711400000, 0x0000000711600000|  0%| F|  |TAMS 0x0000000711400000, 0x0000000711400000| Untracked 
| 110|0x0000000711600000, 0x0000000711600000, 0x0000000711800000|  0%| F|  |TAMS 0x0000000711600000, 0x0000000711600000| Untracked 
| 111|0x0000000711800000, 0x0000000711800000, 0x0000000711a00000|  0%| F|  |TAMS 0x0000000711800000, 0x0000000711800000| Untracked 
| 112|0x0000000711a00000, 0x0000000711a00000, 0x0000000711c00000|  0%| F|  |TAMS 0x0000000711a00000, 0x0000000711a00000| Untracked 
| 113|0x0000000711c00000, 0x0000000711c00000, 0x0000000711e00000|  0%| F|  |TAMS 0x0000000711c00000, 0x0000000711c00000| Untracked 
| 114|0x0000000711e00000, 0x0000000711e00000, 0x0000000712000000|  0%| F|  |TAMS 0x0000000711e00000, 0x0000000711e00000| Untracked 
| 115|0x0000000712000000, 0x0000000712000000, 0x0000000712200000|  0%| F|  |TAMS 0x0000000712000000, 0x0000000712000000| Untracked 
| 116|0x0000000712200000, 0x0000000712200000, 0x0000000712400000|  0%| F|  |TAMS 0x0000000712200000, 0x0000000712200000| Untracked 
| 117|0x0000000712400000, 0x0000000712400000, 0x0000000712600000|  0%| F|  |TAMS 0x0000000712400000, 0x0000000712400000| Untracked 
| 118|0x0000000712600000, 0x0000000712600000, 0x0000000712800000|  0%| F|  |TAMS 0x0000000712600000, 0x0000000712600000| Untracked 
| 119|0x0000000712800000, 0x0000000712800000, 0x0000000712a00000|  0%| F|  |TAMS 0x0000000712800000, 0x0000000712800000| Untracked 
| 120|0x0000000712a00000, 0x0000000712a00000, 0x0000000712c00000|  0%| F|  |TAMS 0x0000000712a00000, 0x0000000712a00000| Untracked 
| 121|0x0000000712c00000, 0x0000000712c00000, 0x0000000712e00000|  0%| F|  |TAMS 0x0000000712c00000, 0x0000000712c00000| Untracked 
| 122|0x0000000712e00000, 0x0000000712e00000, 0x0000000713000000|  0%| F|  |TAMS 0x0000000712e00000, 0x0000000712e00000| Untracked 
| 123|0x0000000713000000, 0x000000071315a040, 0x0000000713200000| 67%| E|  |TAMS 0x0000000713000000, 0x0000000713000000| Complete 
| 124|0x0000000713200000, 0x0000000713400000, 0x0000000713400000|100%| E|CS|TAMS 0x0000000713200000, 0x0000000713200000| Complete 
| 125|0x0000000713400000, 0x0000000713600000, 0x0000000713600000|100%| E|CS|TAMS 0x0000000713400000, 0x0000000713400000| Complete 
| 126|0x0000000713600000, 0x0000000713800000, 0x0000000713800000|100%| E|CS|TAMS 0x0000000713600000, 0x0000000713600000| Complete 

Card table byte_map: [0x000001a1ebd50000,0x000001a1ec540000] _byte_map_base: 0x000001a1e8533000

Marking Bits (Prev, Next): (CMBitMap*) 0x000001a1d6c298c0, (CMBitMap*) 0x000001a1d6c29900
 Prev Bits: [0x000001a1ecd30000, 0x000001a1f0c48000)
 Next Bits: [0x000001a1f0c50000, 0x000001a1f4b68000)

Polling page: 0x000001a1dbac0000

Metaspace:

Usage:
  Non-class:      7.10 MB used.
      Class:    727.84 KB used.
       Both:      7.81 MB used.

Virtual space:
  Non-class space:        8.00 MB reserved,       7.12 MB ( 89%) committed,  1 nodes.
      Class space:        1.00 GB reserved,     832.00 KB ( <1%) committed,  1 nodes.
             Both:        1.01 GB reserved,       7.94 MB ( <1%) committed. 

Chunk freelists:
   Non-Class:  656.00 KB
       Class:  3.17 MB
        Both:  3.81 MB

MaxMetaspaceSize: unlimited
CompressedClassSpaceSize: 1.00 GB
Initial GC threshold: 21.00 MB
Current GC threshold: 21.00 MB
CDS: off
MetaspaceReclaimPolicy: balanced
 - commit_granule_bytes: 65536.
 - commit_granule_words: 8192.
 - virtual_space_node_default_size: 1048576.
 - enlarge_chunks_in_place: 1.
 - new_chunks_are_fully_committed: 0.
 - uncommit_free_chunks: 1.
 - use_allocation_guard: 0.
 - handle_deallocations: 1.


Internal statistics:

num_allocs_failed_limit: 0.
num_arena_births: 10.
num_arena_deaths: 0.
num_vsnodes_births: 2.
num_vsnodes_deaths: 0.
num_space_committed: 127.
num_space_uncommitted: 0.
num_chunks_returned_to_freelist: 0.
num_chunks_taken_from_freelist: 50.
num_chunk_merges: 0.
num_chunk_splits: 23.
num_chunks_enlarged: 17.
num_purges: 0.
num_inconsistent_stats: 0.

CodeHeap 'non-profiled nmethods': size=120000Kb used=119Kb max_used=119Kb free=119880Kb
 bounds [0x000001a1e35b0000, 0x000001a1e3820000, 0x000001a1eaae0000]
CodeHeap 'profiled nmethods': size=120000Kb used=555Kb max_used=555Kb free=119444Kb
 bounds [0x000001a1dc080000, 0x000001a1dc2f0000, 0x000001a1e35b0000]
CodeHeap 'non-nmethods': size=5760Kb used=1121Kb max_used=1133Kb free=4638Kb
 bounds [0x000001a1dbae0000, 0x000001a1dbd50000, 0x000001a1dc080000]
 total_blobs=800 nmethods=397 adapters=316
 compilation: enabled
              stopped_count=0, restarted_count=0
 full_count=0

Compilation events (20 events):
Event: 0.363 Thread 0x000001a1f809ac30 nmethod 391 0x000001a1dc106d90 code [0x000001a1dc106fe0, 0x000001a1dc1079c8]
Event: 0.363 Thread 0x000001a1f809ac30  389       3       java.net.URL::<init> (8 bytes)
Event: 0.363 Thread 0x000001a1f809ac30 nmethod 389 0x000001a1dc107d90 code [0x000001a1dc107f40, 0x000001a1dc108088]
Event: 0.363 Thread 0x000001a1f809ac30  390       3       java.util.Collections$SetFromMap::remove (19 bytes)
Event: 0.363 Thread 0x000001a1f809ac30 nmethod 390 0x000001a1dc108110 code [0x000001a1dc1082c0, 0x000001a1dc1084e8]
Event: 0.364 Thread 0x000001a1f809ac30  392       3       java.lang.String::regionMatches (150 bytes)
Event: 0.364 Thread 0x000001a1f8092180  393       4       java.lang.StringLatin1::indexOf (121 bytes)
Event: 0.365 Thread 0x000001a1f809ac30 nmethod 392 0x000001a1dc108590 code [0x000001a1dc1087e0, 0x000001a1dc108fe8]
Event: 0.365 Thread 0x000001a1f809ac30  394       3       java.lang.String::getChars (54 bytes)
Event: 0.365 Thread 0x000001a1f834b0a0  396       4       java.lang.String::startsWith (138 bytes)
Event: 0.365 Thread 0x000001a1f809ac30 nmethod 394 0x000001a1dc109290 code [0x000001a1dc109480, 0x000001a1dc1098f8]
Event: 0.365 Thread 0x000001a1f809ac30  395       3       java.lang.StringLatin1::getChars (12 bytes)
Event: 0.366 Thread 0x000001a1f809ac30 nmethod 395 0x000001a1dc109b10 code [0x000001a1dc109ca0, 0x000001a1dc109dc8]
Event: 0.366 Thread 0x000001a1f809ac30  398       1       java.util.zip.ZipEntry::getSize (5 bytes)
Event: 0.366 Thread 0x000001a1f809ac30 nmethod 398 0x000001a1e35cdc90 code [0x000001a1e35cde20, 0x000001a1e35cdef8]
Event: 0.366 Thread 0x000001a1f809ac30  399       3       java.lang.String::indexOf (18 bytes)
Event: 0.366 Thread 0x000001a1f809ac30 nmethod 399 0x000001a1dc109e90 code [0x000001a1dc10a060, 0x000001a1dc10a328]
Event: 0.366 Thread 0x000001a1f809ac30  400       3       java.lang.String::indexOf (113 bytes)
Event: 0.366 Thread 0x000001a1f809ac30 nmethod 400 0x000001a1dc10a490 code [0x000001a1dc10a6c0, 0x000001a1dc10ace8]
Event: 0.366 Thread 0x000001a1f809ac30  401       3       java.net.URLStreamHandler::parseURL (1201 bytes)

GC Heap History (0 events):
No events

Deoptimization events (20 events):
Event: 0.270 Thread 0x000001a1d6bbbe70 DEOPT PACKING pc=0x000001a1dc0b448c sp=0x00000033bc3fe100
Event: 0.270 Thread 0x000001a1d6bbbe70 DEOPT UNPACKING pc=0x000001a1dbb32b43 sp=0x00000033bc3fd590 mode 0
Event: 0.270 Thread 0x000001a1d6bbbe70 DEOPT PACKING pc=0x000001a1dc0b448c sp=0x00000033bc3fe100
Event: 0.270 Thread 0x000001a1d6bbbe70 DEOPT UNPACKING pc=0x000001a1dbb32b43 sp=0x00000033bc3fd590 mode 0
Event: 0.285 Thread 0x000001a1d6bbbe70 DEOPT PACKING pc=0x000001a1dc0890e7 sp=0x00000033bc3fdfa0
Event: 0.285 Thread 0x000001a1d6bbbe70 DEOPT UNPACKING pc=0x000001a1dbb32b43 sp=0x00000033bc3fd3c0 mode 0
Event: 0.291 Thread 0x000001a1d6bbbe70 DEOPT PACKING pc=0x000001a1dc0877d1 sp=0x00000033bc3fdf60
Event: 0.292 Thread 0x000001a1d6bbbe70 DEOPT UNPACKING pc=0x000001a1dbb32b43 sp=0x00000033bc3fd3d8 mode 0
Event: 0.310 Thread 0x000001a1d6bbbe70 Uncommon trap: trap_request=0xffffff45 fr.pc=0x000001a1e35c4930 relative=0x0000000000000190
Event: 0.310 Thread 0x000001a1d6bbbe70 Uncommon trap: reason=unstable_if action=reinterpret pc=0x000001a1e35c4930 method=java.util.zip.ZipFile$Source.isMetaName([BII)Z @ 43 c2
Event: 0.310 Thread 0x000001a1d6bbbe70 DEOPT PACKING pc=0x000001a1e35c4930 sp=0x00000033bc3fe230
Event: 0.310 Thread 0x000001a1d6bbbe70 DEOPT UNPACKING pc=0x000001a1dbb323a3 sp=0x00000033bc3fe1d8 mode 2
Event: 0.332 Thread 0x000001a1d6bbbe70 Uncommon trap: trap_request=0xffffff45 fr.pc=0x000001a1e35b1c5c relative=0x000000000000005c
Event: 0.332 Thread 0x000001a1d6bbbe70 Uncommon trap: reason=unstable_if action=reinterpret pc=0x000001a1e35b1c5c method=java.lang.String.isLatin1()Z @ 10 c2
Event: 0.332 Thread 0x000001a1d6bbbe70 DEOPT PACKING pc=0x000001a1e35b1c5c sp=0x00000033bc3fe760
Event: 0.332 Thread 0x000001a1d6bbbe70 DEOPT UNPACKING pc=0x000001a1dbb323a3 sp=0x00000033bc3fe6f0 mode 2
Event: 0.332 Thread 0x000001a1d6bbbe70 Uncommon trap: trap_request=0xffffff45 fr.pc=0x000001a1e35b1600 relative=0x0000000000000080
Event: 0.332 Thread 0x000001a1d6bbbe70 Uncommon trap: reason=unstable_if action=reinterpret pc=0x000001a1e35b1600 method=java.lang.String.isLatin1()Z @ 10 c2
Event: 0.332 Thread 0x000001a1d6bbbe70 DEOPT PACKING pc=0x000001a1e35b1600 sp=0x00000033bc3ff150
Event: 0.332 Thread 0x000001a1d6bbbe70 DEOPT UNPACKING pc=0x000001a1dbb323a3 sp=0x00000033bc3ff090 mode 2

Classes unloaded (0 events):
No events

Classes redefined (0 events):
No events

Internal exceptions (2 events):
Event: 0.339 Thread 0x000001a1f8477eb0 Exception <a 'java/lang/NoSuchMethodError'{0x000000071335f498}: 'java.lang.Object java.lang.invoke.DirectMethodHandle$Holder.invokeStaticInit(java.lang.Object)'> (0x000000071335f498) 
thrown [s\src\hotspot\share\interpreter\linkResolver.cpp, line 771]
Event: 0.347 Thread 0x000001a1f8477eb0 Exception <a 'java/lang/NoSuchMethodError'{0x000000071336ccc0}: 'void java.lang.invoke.DirectMethodHandle$Holder.invokeStatic(java.lang.Object, java.lang.Object)'> (0x000000071336ccc0) 
thrown [s\src\hotspot\share\interpreter\linkResolver.cpp, line 771]

VM Operations (4 events):
Event: 0.216 Executing VM operation: HandshakeAllThreads
Event: 0.216 Executing VM operation: HandshakeAllThreads done
Event: 0.336 Executing VM operation: HandshakeAllThreads
Event: 0.336 Executing VM operation: HandshakeAllThreads done

Events (20 events):
Event: 0.356 loading class jdk/internal/jimage/ImageStringsReader
Event: 0.356 loading class jdk/internal/jimage/ImageStrings
Event: 0.356 loading class jdk/internal/jimage/ImageStrings done
Event: 0.356 loading class jdk/internal/jimage/ImageStringsReader done
Event: 0.356 loading class jdk/internal/jimage/decompressor/Decompressor
Event: 0.356 loading class jdk/internal/jimage/decompressor/Decompressor done
Event: 0.356 loading class jdk/internal/jimage/ImageLocation
Event: 0.356 loading class jdk/internal/jimage/ImageLocation done
Event: 0.357 loading class java/util/Collections$EmptyIterator
Event: 0.357 loading class java/util/Collections$EmptyIterator done
Event: 0.357 loading class java/util/Collections$EmptyEnumeration
Event: 0.357 loading class java/util/Collections$EmptyEnumeration done
Event: 0.357 loading class jdk/internal/loader/BuiltinClassLoader$1
Event: 0.357 loading class jdk/internal/loader/BuiltinClassLoader$1 done
Event: 0.357 loading class java/lang/CompoundEnumeration
Event: 0.357 loading class java/lang/CompoundEnumeration done
Event: 0.358 loading class jdk/internal/loader/URLClassPath$1
Event: 0.358 loading class jdk/internal/loader/URLClassPath$1 done
Event: 0.358 loading class sun/net/www/protocol/http/Handler
Event: 0.358 loading class sun/net/www/protocol/http/Handler done


Dynamic libraries:
0x00007ff74a520000 - 0x00007ff74a52a000 	C:\Program Files\JetBrains\IntelliJ IDEA Community Edition 2022.2.3\jbr\bin\java.exe
0x00007ffd36430000 - 0x00007ffd36628000 	C:\Windows\SYSTEM32\ntdll.dll
0x00007ffd34480000 - 0x00007ffd3453f000 	C:\Windows\System32\KERNEL32.DLL
0x00007ffd33fa0000 - 0x00007ffd34272000 	C:\Windows\System32\KERNELBASE.dll
0x00007ffd33c80000 - 0x00007ffd33d80000 	C:\Windows\System32\ucrtbase.dll
0x00007ffd2f200000 - 0x00007ffd2f217000 	C:\Program Files\JetBrains\IntelliJ IDEA Community Edition 2022.2.3\jbr\bin\jli.dll
0x00007ffd2f1e0000 - 0x00007ffd2f1fb000 	C:\Program Files\JetBrains\IntelliJ IDEA Community Edition 2022.2.3\jbr\bin\VCRUNTIME140.dll
0x00007ffd34e00000 - 0x00007ffd34f9d000 	C:\Windows\System32\USER32.dll
0x00007ffd33e10000 - 0x00007ffd33e32000 	C:\Windows\System32\win32u.dll
0x00007ffd16170000 - 0x00007ffd1640a000 	C:\Windows\WinSxS\amd64_microsoft.windows.common-controls_6595b64144ccf1df_6.0.19041.1110_none_60b5254171f9507e\COMCTL32.dll
0x00007ffd35020000 - 0x00007ffd3504b000 	C:\Windows\System32\GDI32.dll
0x00007ffd351c0000 - 0x00007ffd3525e000 	C:\Windows\System32\msvcrt.dll
0x00007ffd33e40000 - 0x00007ffd33f4f000 	C:\Windows\System32\gdi32full.dll
0x00007ffd33be0000 - 0x00007ffd33c7d000 	C:\Windows\System32\msvcp_win.dll
0x00007ffd35050000 - 0x00007ffd35082000 	C:\Windows\System32\IMM32.DLL
0x00007ffd2f170000 - 0x00007ffd2f17c000 	C:\Program Files\JetBrains\IntelliJ IDEA Community Edition 2022.2.3\jbr\bin\vcruntime140_1.dll
0x00007ffcfd2d0000 - 0x00007ffcfd35d000 	C:\Program Files\JetBrains\IntelliJ IDEA Community Edition 2022.2.3\jbr\bin\msvcp140.dll
0x00007ffcf4a80000 - 0x00007ffcf56e9000 	C:\Program Files\JetBrains\IntelliJ IDEA Community Edition 2022.2.3\jbr\bin\server\jvm.dll
0x00007ffd35670000 - 0x00007ffd3571e000 	C:\Windows\System32\ADVAPI32.dll
0x00007ffd34d60000 - 0x00007ffd34dfc000 	C:\Windows\System32\sechost.dll
0x00007ffd34540000 - 0x00007ffd34665000 	C:\Windows\System32\RPCRT4.dll
0x00007ffd355f0000 - 0x00007ffd355f8000 	C:\Windows\System32\PSAPI.DLL
0x00007ffd12210000 - 0x00007ffd12237000 	C:\Windows\SYSTEM32\WINMM.dll
0x00007ffd1c280000 - 0x00007ffd1c289000 	C:\Windows\SYSTEM32\WSOCK32.dll
0x00007ffd2ad10000 - 0x00007ffd2ad1a000 	C:\Windows\SYSTEM32\VERSION.dll
0x00007ffd35600000 - 0x00007ffd3566b000 	C:\Windows\System32\WS2_32.dll
0x00007ffd32300000 - 0x00007ffd32312000 	C:\Windows\SYSTEM32\kernel.appcore.dll
0x00007ffd2f1d0000 - 0x00007ffd2f1da000 	C:\Program Files\JetBrains\IntelliJ IDEA Community Edition 2022.2.3\jbr\bin\jimage.dll
0x00007ffd316a0000 - 0x00007ffd31884000 	C:\Windows\SYSTEM32\DBGHELP.DLL
0x00007ffd19a40000 - 0x00007ffd19a6c000 	C:\Windows\SYSTEM32\dbgcore.DLL
0x00007ffd33d80000 - 0x00007ffd33e02000 	C:\Windows\System32\bcryptPrimitives.dll
0x00007ffd2cc90000 - 0x00007ffd2cc9e000 	C:\Program Files\JetBrains\IntelliJ IDEA Community Edition 2022.2.3\jbr\bin\instrument.dll
0x00007ffd1e680000 - 0x00007ffd1e6a5000 	C:\Program Files\JetBrains\IntelliJ IDEA Community Edition 2022.2.3\jbr\bin\java.dll
0x00007ffd2cc60000 - 0x00007ffd2cc78000 	C:\Program Files\JetBrains\IntelliJ IDEA Community Edition 2022.2.3\jbr\bin\zip.dll
0x00007ffd35a00000 - 0x00007ffd36143000 	C:\Windows\System32\SHELL32.dll
0x00007ffd31b50000 - 0x00007ffd322e2000 	C:\Windows\SYSTEM32\windows.storage.dll
0x00007ffd35290000 - 0x00007ffd355e4000 	C:\Windows\System32\combase.dll
0x00007ffd333d0000 - 0x00007ffd33400000 	C:\Windows\SYSTEM32\Wldp.dll
0x00007ffd36340000 - 0x00007ffd363ed000 	C:\Windows\System32\SHCORE.dll
0x00007ffd362e0000 - 0x00007ffd36335000 	C:\Windows\System32\shlwapi.dll
0x00007ffd33a70000 - 0x00007ffd33a8f000 	C:\Windows\SYSTEM32\profapi.dll
0x00007ffd282a0000 - 0x00007ffd282b9000 	C:\Program Files\JetBrains\IntelliJ IDEA Community Edition 2022.2.3\jbr\bin\net.dll
0x00007ffd2e720000 - 0x00007ffd2e82c000 	C:\Windows\SYSTEM32\WINHTTP.dll
0x00007ffd331b0000 - 0x00007ffd3321a000 	C:\Windows\system32\mswsock.dll
0x00007ffd27ce0000 - 0x00007ffd27cf6000 	C:\Program Files\JetBrains\IntelliJ IDEA Community Edition 2022.2.3\jbr\bin\nio.dll
0x00007ffd181f0000 - 0x00007ffd1820a000 	C:\Program Files\JetBrains\IntelliJ IDEA Community Edition 2022.2.3\bin\breakgen64.dll

dbghelp: loaded successfully - version: 4.0.5 - missing functions: none
symbol engine: initialized successfully - sym options: 0x614 - pdb path: .;C:\Program Files\JetBrains\IntelliJ IDEA Community Edition 2022.2.3\jbr\bin;C:\Windows\SYSTEM32;C:\Windows\WinSxS\amd64_microsoft.windows.common-controls_6595b64144ccf1df_6.0.19041.1110_none_60b5254171f9507e;C:\Program Files\JetBrains\IntelliJ IDEA Community Edition 2022.2.3\jbr\bin\server;C:\Program Files\JetBrains\IntelliJ IDEA Community Edition 2022.2.3\bin

VM Arguments:
jvm_args: -javaagent:C:\Program Files\JetBrains\IntelliJ IDEA Community Edition 2022.2.3\lib\idea_rt.jar=57785:C:\Program Files\JetBrains\IntelliJ IDEA Community Edition 2022.2.3\bin -Dfile.encoding=UTF-8 
java_command: myFirstCode1
java_class_path (initial): D:\AppiumProject\ProjMaven\target\test-classes;D:\AppiumProject\ProjMaven\target\classes;C:\Users\Vinod.Patil\.m2\repository\io\appium\java-client\8.2.0\java-client-8.2.0.jar;C:\Users\Vinod.Patil\.m2\repository\org\seleniumhq\selenium\selenium-api\4.6.0\selenium-api-4.6.0.jar;C:\Users\Vinod.Patil\.m2\repository\org\seleniumhq\selenium\selenium-remote-driver\4.6.0\selenium-remote-driver-4.6.0.jar;C:\Users\Vinod.Patil\.m2\repository\com\beust\jcommander\1.82\jcommander-1.82.jar;C:\Users\Vinod.Patil\.m2\repository\com\google\auto\service\auto-service-annotations\1.0.1\auto-service-annotations-1.0.1.jar;C:\Users\Vinod.Patil\.m2\repository\com\google\auto\service\auto-service\1.0.1\auto-service-1.0.1.jar;C:\Users\Vinod.Patil\.m2\repository\com\google\auto\auto-common\1.2\auto-common-1.2.jar;C:\Users\Vinod.Patil\.m2\repository\com\google\guava\guava\31.1-jre\guava-31.1-jre.jar;C:\Users\Vinod.Patil\.m2\repository\com\google\guava\failureaccess\1.0.1\failureaccess-1.0.1.jar;C:\Users\Vinod.Patil\.m2\repository\com\google\guava\listenablefuture\9999.0-empty-to-avoid-conflict-with-guava\listenablefuture-9999.0-empty-to-avoid-conflict-with-guava.jar;C:\Users\Vinod.Patil\.m2\repository\com\google\code\findbugs\jsr305\3.0.2\jsr305-3.0.2.jar;C:\Users\Vinod.Patil\.m2\repository\org\checkerframework\checker-qual\3.12.0\checker-qual-3.12.0.jar;C:\Users\Vinod.Patil\.m2\repository\com\google\errorprone\error_prone_annotations\2.11.0\error_prone_annotations-2.11.0.jar;C:\Users\Vinod.Patil\.m2\repository\com\google\j2objc\j2objc-annotations\1.3\j2objc-annotations-1.3.jar;C:\Users\Vinod.Patil\.m2\repository\io\netty\netty-buffer\4.1.84.Final\netty-buffer-4.1.84.Final.jar;C:\Users\Vinod.Patil\.m2\repository\io\netty\netty-codec-http\4.1.84.Final\netty-codec-http-4.1.84.Final.jar;C:\Users\Vinod.Patil\.m2\repository\io\netty\netty-codec\4.1.84.Final\netty-codec-4.1.84.Final.jar;C:\Users\Vinod.Patil\.m2\repository\io\netty\netty-handler\4.1.84.Final\netty-handler-
Launcher Type: SUN_STANDARD

[Global flags]
     intx CICompilerCount                          = 4                                         {product} {ergonomic}
     uint ConcGCThreads                            = 2                                         {product} {ergonomic}
     uint G1ConcRefinementThreads                  = 8                                         {product} {ergonomic}
   size_t G1HeapRegionSize                         = 2097152                                   {product} {ergonomic}
    uintx GCDrainStackTargetSize                   = 64                                        {product} {ergonomic}
   size_t InitialHeapSize                          = 266338304                                 {product} {ergonomic}
   size_t MarkStackSize                            = 4194304                                   {product} {ergonomic}
   size_t MaxHeapSize                              = 4234149888                                {product} {ergonomic}
   size_t MaxNewSize                               = 2539651072                                {product} {ergonomic}
   size_t MinHeapDeltaBytes                        = 2097152                                   {product} {ergonomic}
   size_t MinHeapSize                              = 8388608                                   {product} {ergonomic}
    uintx NonNMethodCodeHeapSize                   = 5839372                                {pd product} {ergonomic}
    uintx NonProfiledCodeHeapSize                  = 122909434                              {pd product} {ergonomic}
    uintx ProfiledCodeHeapSize                     = 122909434                              {pd product} {ergonomic}
    uintx ReservedCodeCacheSize                    = 251658240                              {pd product} {ergonomic}
     bool SegmentedCodeCache                       = true                                      {product} {ergonomic}
   size_t SoftMaxHeapSize                          = 4234149888                             {manageable} {ergonomic}
     bool UseCompressedClassPointers               = true                           {product lp64_product} {ergonomic}
     bool UseCompressedOops                        = true                           {product lp64_product} {ergonomic}
     bool UseG1GC                                  = true                                      {product} {ergonomic}
     bool UseLargePagesIndividualAllocation        = false                                  {pd product} {ergonomic}

Logging:
Log output configuration:
 #0: stdout all=warning uptime,level,tags
 #1: stderr all=off uptime,level,tags

Environment Variables:
JAVA_HOME=C:\Program Files\Java\jdk-10.0.2
PATH=C:\Program Files (x86)\Common Files\Oracle\Java\javapath;C:\Python39\Scripts\;C:\Python39\;C:\Windows\system32;C:\Windows;C:\Windows\System32\Wbem;C:\Windows\System32\WindowsPowerShell\v1.0\;C:\Windows\System32\OpenSSH\;C:\Program Files\Git\cmd;C:\Users\Hitesh.Borawake\AppData\Roaming\nvm;C:\Program Files\nodejs;C:\Program Files\dotnet\;C:\Program Files\Docker\Docker\resources\bin;C:\ProgramData\DockerDesktop\version-bin;C:\Program Files\nodejs\;C:\ProgramData\chocolatey\bin;C:\Program Files\Go\bin;C:\Users\Vinod.Patil\AppData\Local\Android\Sdk\build-tools;C:\Users\Vinod.Patil\AppData\Local\Android\Sdk\platforms;C:\Users\Vinod.Patil\AppData\Local\Android\Sdk\platform-tools;C:\Users\Vinod.Patil\AppData\Local\Android\Sdk;C:\Program Files\Java\jdk-10.0.2\bin;C:\Users\Vinod.Patil\AppData\Local\Microsoft\WindowsApps;;C:\Users\Vinod.Patil\go\bin;C:\Users\Vinod.Patil\AppData\Local\Programs\Microsoft VS Code\bin
USERNAME=Vinod.Patil
OS=Windows_NT
PROCESSOR_IDENTIFIER=Intel64 Family 6 Model 142 Stepping 12, GenuineIntel
TMP=C:\Users\VINOD~1.PAT\AppData\Local\Temp
TEMP=C:\Users\VINOD~1.PAT\AppData\Local\Temp



---------------  S Y S T E M  ---------------

OS:
 Windows 10 , 64 bit Build 19041 (10.0.19041.2251)
OS uptime: 1 days 14:52 hours
Hyper-V role detected

CPU: total 8 (initial active 8) (4 cores per cpu, 2 threads per core) family 6 model 142 stepping 12 microcode 0xde, cx8, cmov, fxsr, ht, mmx, 3dnowpref, sse, sse2, sse3, ssse3, sse4.1, sse4.2, popcnt, lzcnt, tsc, tscinvbit, avx, avx2, aes, erms, clmul, bmi1, bmi2, adx, fma, vzeroupper, clflush, clflushopt, hv

Memory: 4k page, system-wide physical 16144M (1032M free)
TotalPageFile size 35344M (AvailPageFile size 2M)
current process WorkingSet (physical memory assigned to process): 50M, peak: 50M
current process commit charge ("private bytes"): 346M, peak: 346M

vm_info: OpenJDK 64-Bit Server VM (17.0.4.1+7-b469.62) for windows-amd64 JRE (17.0.4.1+7-b469.62), built on 2022-09-22 by "builduser" with MS VC++ 16.10 / 16.11 (VS2019)

END.
