#
# There is insufficient memory for the Java Runtime Environment to continue.
# Native memory allocation (malloc) failed to allocate 175376 bytes for Chunk::new
# Possible reasons:
#   The system is out of physical RAM or swap space
#   The process is running with CompressedOops enabled, and the Java Heap may be blocking the growth of the native heap
# Possible solutions:
#   Reduce memory load on the system
#   Increase physical memory or swap space
#   Check if swap backing store is full
#   Decrease Java heap size (-Xmx/-Xms)
#   Decrease number of Java threads
#   Decrease Java thread stack sizes (-Xss)
#   Set larger code cache with -XX:ReservedCodeCacheSize=
#   JVM is running with Zero Based Compressed Oops mode in which the Java heap is
#     placed in the first 32GB address space. The Java Heap base address is the
#     maximum limit for the native heap growth. Please use -XX:HeapBaseMinAddress
#     to set the Java Heap base and to place the Java Heap above 32GB virtual address.
# This output file may be truncated or incomplete.
#
#  Out of Memory Error (arena.cpp:189), pid=17472, tid=15216
#
# JRE version: OpenJDK Runtime Environment JBR-17.0.4.1+7-469.62-jcef (17.0.4.1+7) (build 17.0.4.1+7-b469.62)
# Java VM: OpenJDK 64-Bit Server VM JBR-17.0.4.1+7-469.62-jcef (17.0.4.1+7-b469.62, mixed mode, tiered, compressed oops, compressed class ptrs, g1 gc, windows-amd64)
# No core dump will be written. Minidumps are not enabled by default on client versions of Windows
#

---------------  S U M M A R Y ------------

Command Line: -ea -Didea.test.cyclic.buffer.size=1048576 -javaagent:C:\Program Files\JetBrains\IntelliJ IDEA Community Edition 2022.2.3\lib\idea_rt.jar=61199:C:\Program Files\JetBrains\IntelliJ IDEA Community Edition 2022.2.3\bin -Dfile.encoding=UTF-8 com.intellij.rt.testng.RemoteTestNGStarter -usedefaultlisteners false -socket61198 @w@C:\Users\Vinod.Patil\AppData\Local\Temp\idea_working_dirs_testng.tmp -temp C:\Users\Vinod.Patil\AppData\Local\Temp\idea_testng.tmp

Host: Intel(R) Core(TM) i5-10310U CPU @ 1.70GHz, 8 cores, 15G,  Windows 10 , 64 bit Build 19041 (10.0.19041.2364)
Time: Wed Dec 28 21:53:07 2022 Pacific Standard Time elapsed time: 0.350453 seconds (0d 0h 0m 0s)

---------------  T H R E A D  ---------------

Current thread (0x0000020a7f7b81c0):  JavaThread "C2 CompilerThread1" daemon [_thread_in_native, id=15216, stack(0x000000cde2400000,0x000000cde2500000)]


Current CompileTask:
C2:    350  456  s!   4       jdk.internal.loader.URLClassPath::getLoader (194 bytes)

Stack: [0x000000cde2400000,0x000000cde2500000]
Native frames: (J=compiled Java code, j=interpreted, Vv=VM code, C=native code)
V  [jvm.dll+0x68356a]
V  [jvm.dll+0x83fab4]
V  [jvm.dll+0x84125e]
V  [jvm.dll+0x8418c3]
V  [jvm.dll+0x249735]
V  [jvm.dll+0xabd5c]
V  [jvm.dll+0xac32c]
V  [jvm.dll+0x368842]
V  [jvm.dll+0x332d71]
V  [jvm.dll+0x33221a]
V  [jvm.dll+0x21be41]
V  [jvm.dll+0x21b261]
V  [jvm.dll+0x1a4dfd]
V  [jvm.dll+0x22acd8]
V  [jvm.dll+0x228d89]
V  [jvm.dll+0x7f53ac]
V  [jvm.dll+0x7ef8da]
V  [jvm.dll+0x6823a5]
C  [ucrtbase.dll+0x21bb2]
C  [KERNEL32.DLL+0x17614]
C  [ntdll.dll+0x526a1]


---------------  P R O C E S S  ---------------

Threads class SMR info:
_java_thread_list=0x0000020a0f170e60, length=15, elements={
0x0000020a6f0b4a00, 0x0000020a7f46f560, 0x0000020a7f470450, 0x0000020a7f4b5660,
0x0000020a7f4b7020, 0x0000020a7f4b79d0, 0x0000020a7f4b90c0, 0x0000020a7f4bc560,
0x0000020a7f4c7b50, 0x0000020a7f4d2060, 0x0000020a7e6777e0, 0x0000020a7f70f690,
0x0000020a7f714630, 0x0000020a7f7b81c0, 0x0000020a0f792aa0
}

Java Threads: ( => current thread )
  0x0000020a6f0b4a00 JavaThread "main" [_thread_in_vm, id=11572, stack(0x000000cde1000000,0x000000cde1100000)]
  0x0000020a7f46f560 JavaThread "Reference Handler" daemon [_thread_blocked, id=7928, stack(0x000000cde1700000,0x000000cde1800000)]
  0x0000020a7f470450 JavaThread "Finalizer" daemon [_thread_blocked, id=14808, stack(0x000000cde1800000,0x000000cde1900000)]
  0x0000020a7f4b5660 JavaThread "Signal Dispatcher" daemon [_thread_blocked, id=18776, stack(0x000000cde1900000,0x000000cde1a00000)]
  0x0000020a7f4b7020 JavaThread "Attach Listener" daemon [_thread_blocked, id=14888, stack(0x000000cde1a00000,0x000000cde1b00000)]
  0x0000020a7f4b79d0 JavaThread "Service Thread" daemon [_thread_blocked, id=4368, stack(0x000000cde1b00000,0x000000cde1c00000)]
  0x0000020a7f4b90c0 JavaThread "Monitor Deflation Thread" daemon [_thread_blocked, id=12868, stack(0x000000cde1c00000,0x000000cde1d00000)]
  0x0000020a7f4bc560 JavaThread "C2 CompilerThread0" daemon [_thread_in_native, id=13656, stack(0x000000cde1d00000,0x000000cde1e00000)]
  0x0000020a7f4c7b50 JavaThread "C1 CompilerThread0" daemon [_thread_blocked, id=2440, stack(0x000000cde1e00000,0x000000cde1f00000)]
  0x0000020a7f4d2060 JavaThread "Sweeper thread" daemon [_thread_blocked, id=296, stack(0x000000cde1f00000,0x000000cde2000000)]
  0x0000020a7e6777e0 JavaThread "Common-Cleaner" daemon [_thread_blocked, id=9992, stack(0x000000cde2000000,0x000000cde2100000)]
  0x0000020a7f70f690 JavaThread "Monitor Ctrl-Break" daemon [_thread_in_native, id=17188, stack(0x000000cde2100000,0x000000cde2200000)]
  0x0000020a7f714630 JavaThread "Notification Thread" daemon [_thread_blocked, id=17420, stack(0x000000cde2200000,0x000000cde2300000)]
=>0x0000020a7f7b81c0 JavaThread "C2 CompilerThread1" daemon [_thread_in_native, id=15216, stack(0x000000cde2400000,0x000000cde2500000)]
  0x0000020a0f792aa0 JavaThread "C2 CompilerThread2" daemon [_thread_in_native, id=4676, stack(0x000000cde2500000,0x000000cde2600000)]

Other Threads:
  0x0000020a7f46d1e0 VMThread "VM Thread" [stack: 0x000000cde1600000,0x000000cde1700000] [id=18204]
  0x0000020a6d089d40 WatcherThread [stack: 0x000000cde2300000,0x000000cde2400000] [id=14372]
  0x0000020a6f11ecf0 GCTaskThread "GC Thread#0" [stack: 0x000000cde1100000,0x000000cde1200000] [id=16756]
  0x0000020a6f12f780 ConcurrentGCThread "G1 Main Marker" [stack: 0x000000cde1200000,0x000000cde1300000] [id=3164]
  0x0000020a6f130830 ConcurrentGCThread "G1 Conc#0" [stack: 0x000000cde1300000,0x000000cde1400000] [id=3968]
  0x0000020a7e545070 ConcurrentGCThread "G1 Refine#0" [stack: 0x000000cde1400000,0x000000cde1500000] [id=4360]
  0x0000020a7e545990 ConcurrentGCThread "G1 Service" [stack: 0x000000cde1500000,0x000000cde1600000] [id=5368]

Threads with active compile tasks:
C2 CompilerThread0      365  461   !   4       jdk.internal.loader.URLClassPath$JarLoader::getResource (65 bytes)
C2 CompilerThread1      365  456  s!   4       jdk.internal.loader.URLClassPath::getLoader (194 bytes)
C2 CompilerThread2      365  448       4       java.util.jar.JarFile::getEntry (35 bytes)

VM state: not at safepoint (normal execution)

VM Mutex/Monitor currently owned by a thread: None

Heap address: 0x0000000703a00000, size: 4038 MB, Compressed Oops mode: Zero based, Oop shift amount: 3

CDS archive(s) not mapped
Compressed class space mapped at: 0x0000000800000000-0x0000000840000000, reserved size: 1073741824
Narrow klass base: 0x0000000800000000, Narrow klass shift: 0, Narrow klass range: 0x40000000

GC Precious Log:
 CPUs: 8 total, 8 available
 Memory: 16144M
 Large Page Support: Disabled
 NUMA Support: Disabled
 Compressed Oops: Enabled (Zero based)
 Heap Region Size: 2M
 Heap Min Capacity: 8M
 Heap Initial Capacity: 254M
 Heap Max Capacity: 4038M
 Pre-touch: Disabled
 Parallel Workers: 8
 Concurrent Workers: 2
 Concurrent Refinement Workers: 8
 Periodic GC: Disabled

Heap:
 garbage-first heap   total 260096K, used 6144K [0x0000000703a00000, 0x0000000800000000)
  region size 2048K, 5 young (10240K), 0 survivors (0K)
 Metaspace       used 8493K, committed 8640K, reserved 1064960K
  class space    used 764K, committed 832K, reserved 1048576K

Heap Regions: E=young(eden), S=young(survivor), O=old, HS=humongous(starts), HC=humongous(continues), CS=collection set, F=free, OA=open archive, CA=closed archive, TAMS=top-at-mark-start (previous, next)
|   0|0x0000000703a00000, 0x0000000703a00000, 0x0000000703c00000|  0%| F|  |TAMS 0x0000000703a00000, 0x0000000703a00000| Untracked 
|   1|0x0000000703c00000, 0x0000000703c00000, 0x0000000703e00000|  0%| F|  |TAMS 0x0000000703c00000, 0x0000000703c00000| Untracked 
|   2|0x0000000703e00000, 0x0000000703e00000, 0x0000000704000000|  0%| F|  |TAMS 0x0000000703e00000, 0x0000000703e00000| Untracked 
|   3|0x0000000704000000, 0x0000000704000000, 0x0000000704200000|  0%| F|  |TAMS 0x0000000704000000, 0x0000000704000000| Untracked 
|   4|0x0000000704200000, 0x0000000704200000, 0x0000000704400000|  0%| F|  |TAMS 0x0000000704200000, 0x0000000704200000| Untracked 
|   5|0x0000000704400000, 0x0000000704400000, 0x0000000704600000|  0%| F|  |TAMS 0x0000000704400000, 0x0000000704400000| Untracked 
|   6|0x0000000704600000, 0x0000000704600000, 0x0000000704800000|  0%| F|  |TAMS 0x0000000704600000, 0x0000000704600000| Untracked 
|   7|0x0000000704800000, 0x0000000704800000, 0x0000000704a00000|  0%| F|  |TAMS 0x0000000704800000, 0x0000000704800000| Untracked 
|   8|0x0000000704a00000, 0x0000000704a00000, 0x0000000704c00000|  0%| F|  |TAMS 0x0000000704a00000, 0x0000000704a00000| Untracked 
|   9|0x0000000704c00000, 0x0000000704c00000, 0x0000000704e00000|  0%| F|  |TAMS 0x0000000704c00000, 0x0000000704c00000| Untracked 
|  10|0x0000000704e00000, 0x0000000704e00000, 0x0000000705000000|  0%| F|  |TAMS 0x0000000704e00000, 0x0000000704e00000| Untracked 
|  11|0x0000000705000000, 0x0000000705000000, 0x0000000705200000|  0%| F|  |TAMS 0x0000000705000000, 0x0000000705000000| Untracked 
|  12|0x0000000705200000, 0x0000000705200000, 0x0000000705400000|  0%| F|  |TAMS 0x0000000705200000, 0x0000000705200000| Untracked 
|  13|0x0000000705400000, 0x0000000705400000, 0x0000000705600000|  0%| F|  |TAMS 0x0000000705400000, 0x0000000705400000| Untracked 
|  14|0x0000000705600000, 0x0000000705600000, 0x0000000705800000|  0%| F|  |TAMS 0x0000000705600000, 0x0000000705600000| Untracked 
|  15|0x0000000705800000, 0x0000000705800000, 0x0000000705a00000|  0%| F|  |TAMS 0x0000000705800000, 0x0000000705800000| Untracked 
|  16|0x0000000705a00000, 0x0000000705a00000, 0x0000000705c00000|  0%| F|  |TAMS 0x0000000705a00000, 0x0000000705a00000| Untracked 
|  17|0x0000000705c00000, 0x0000000705c00000, 0x0000000705e00000|  0%| F|  |TAMS 0x0000000705c00000, 0x0000000705c00000| Untracked 
|  18|0x0000000705e00000, 0x0000000705e00000, 0x0000000706000000|  0%| F|  |TAMS 0x0000000705e00000, 0x0000000705e00000| Untracked 
|  19|0x0000000706000000, 0x0000000706000000, 0x0000000706200000|  0%| F|  |TAMS 0x0000000706000000, 0x0000000706000000| Untracked 
|  20|0x0000000706200000, 0x0000000706200000, 0x0000000706400000|  0%| F|  |TAMS 0x0000000706200000, 0x0000000706200000| Untracked 
|  21|0x0000000706400000, 0x0000000706400000, 0x0000000706600000|  0%| F|  |TAMS 0x0000000706400000, 0x0000000706400000| Untracked 
|  22|0x0000000706600000, 0x0000000706600000, 0x0000000706800000|  0%| F|  |TAMS 0x0000000706600000, 0x0000000706600000| Untracked 
|  23|0x0000000706800000, 0x0000000706800000, 0x0000000706a00000|  0%| F|  |TAMS 0x0000000706800000, 0x0000000706800000| Untracked 
|  24|0x0000000706a00000, 0x0000000706a00000, 0x0000000706c00000|  0%| F|  |TAMS 0x0000000706a00000, 0x0000000706a00000| Untracked 
|  25|0x0000000706c00000, 0x0000000706c00000, 0x0000000706e00000|  0%| F|  |TAMS 0x0000000706c00000, 0x0000000706c00000| Untracked 
|  26|0x0000000706e00000, 0x0000000706e00000, 0x0000000707000000|  0%| F|  |TAMS 0x0000000706e00000, 0x0000000706e00000| Untracked 
|  27|0x0000000707000000, 0x0000000707000000, 0x0000000707200000|  0%| F|  |TAMS 0x0000000707000000, 0x0000000707000000| Untracked 
|  28|0x0000000707200000, 0x0000000707200000, 0x0000000707400000|  0%| F|  |TAMS 0x0000000707200000, 0x0000000707200000| Untracked 
|  29|0x0000000707400000, 0x0000000707400000, 0x0000000707600000|  0%| F|  |TAMS 0x0000000707400000, 0x0000000707400000| Untracked 
|  30|0x0000000707600000, 0x0000000707600000, 0x0000000707800000|  0%| F|  |TAMS 0x0000000707600000, 0x0000000707600000| Untracked 
|  31|0x0000000707800000, 0x0000000707800000, 0x0000000707a00000|  0%| F|  |TAMS 0x0000000707800000, 0x0000000707800000| Untracked 
|  32|0x0000000707a00000, 0x0000000707a00000, 0x0000000707c00000|  0%| F|  |TAMS 0x0000000707a00000, 0x0000000707a00000| Untracked 
|  33|0x0000000707c00000, 0x0000000707c00000, 0x0000000707e00000|  0%| F|  |TAMS 0x0000000707c00000, 0x0000000707c00000| Untracked 
|  34|0x0000000707e00000, 0x0000000707e00000, 0x0000000708000000|  0%| F|  |TAMS 0x0000000707e00000, 0x0000000707e00000| Untracked 
|  35|0x0000000708000000, 0x0000000708000000, 0x0000000708200000|  0%| F|  |TAMS 0x0000000708000000, 0x0000000708000000| Untracked 
|  36|0x0000000708200000, 0x0000000708200000, 0x0000000708400000|  0%| F|  |TAMS 0x0000000708200000, 0x0000000708200000| Untracked 
|  37|0x0000000708400000, 0x0000000708400000, 0x0000000708600000|  0%| F|  |TAMS 0x0000000708400000, 0x0000000708400000| Untracked 
|  38|0x0000000708600000, 0x0000000708600000, 0x0000000708800000|  0%| F|  |TAMS 0x0000000708600000, 0x0000000708600000| Untracked 
|  39|0x0000000708800000, 0x0000000708800000, 0x0000000708a00000|  0%| F|  |TAMS 0x0000000708800000, 0x0000000708800000| Untracked 
|  40|0x0000000708a00000, 0x0000000708a00000, 0x0000000708c00000|  0%| F|  |TAMS 0x0000000708a00000, 0x0000000708a00000| Untracked 
|  41|0x0000000708c00000, 0x0000000708c00000, 0x0000000708e00000|  0%| F|  |TAMS 0x0000000708c00000, 0x0000000708c00000| Untracked 
|  42|0x0000000708e00000, 0x0000000708e00000, 0x0000000709000000|  0%| F|  |TAMS 0x0000000708e00000, 0x0000000708e00000| Untracked 
|  43|0x0000000709000000, 0x0000000709000000, 0x0000000709200000|  0%| F|  |TAMS 0x0000000709000000, 0x0000000709000000| Untracked 
|  44|0x0000000709200000, 0x0000000709200000, 0x0000000709400000|  0%| F|  |TAMS 0x0000000709200000, 0x0000000709200000| Untracked 
|  45|0x0000000709400000, 0x0000000709400000, 0x0000000709600000|  0%| F|  |TAMS 0x0000000709400000, 0x0000000709400000| Untracked 
|  46|0x0000000709600000, 0x0000000709600000, 0x0000000709800000|  0%| F|  |TAMS 0x0000000709600000, 0x0000000709600000| Untracked 
|  47|0x0000000709800000, 0x0000000709800000, 0x0000000709a00000|  0%| F|  |TAMS 0x0000000709800000, 0x0000000709800000| Untracked 
|  48|0x0000000709a00000, 0x0000000709a00000, 0x0000000709c00000|  0%| F|  |TAMS 0x0000000709a00000, 0x0000000709a00000| Untracked 
|  49|0x0000000709c00000, 0x0000000709c00000, 0x0000000709e00000|  0%| F|  |TAMS 0x0000000709c00000, 0x0000000709c00000| Untracked 
|  50|0x0000000709e00000, 0x0000000709e00000, 0x000000070a000000|  0%| F|  |TAMS 0x0000000709e00000, 0x0000000709e00000| Untracked 
|  51|0x000000070a000000, 0x000000070a000000, 0x000000070a200000|  0%| F|  |TAMS 0x000000070a000000, 0x000000070a000000| Untracked 
|  52|0x000000070a200000, 0x000000070a200000, 0x000000070a400000|  0%| F|  |TAMS 0x000000070a200000, 0x000000070a200000| Untracked 
|  53|0x000000070a400000, 0x000000070a400000, 0x000000070a600000|  0%| F|  |TAMS 0x000000070a400000, 0x000000070a400000| Untracked 
|  54|0x000000070a600000, 0x000000070a600000, 0x000000070a800000|  0%| F|  |TAMS 0x000000070a600000, 0x000000070a600000| Untracked 
|  55|0x000000070a800000, 0x000000070a800000, 0x000000070aa00000|  0%| F|  |TAMS 0x000000070a800000, 0x000000070a800000| Untracked 
|  56|0x000000070aa00000, 0x000000070aa00000, 0x000000070ac00000|  0%| F|  |TAMS 0x000000070aa00000, 0x000000070aa00000| Untracked 
|  57|0x000000070ac00000, 0x000000070ac00000, 0x000000070ae00000|  0%| F|  |TAMS 0x000000070ac00000, 0x000000070ac00000| Untracked 
|  58|0x000000070ae00000, 0x000000070ae00000, 0x000000070b000000|  0%| F|  |TAMS 0x000000070ae00000, 0x000000070ae00000| Untracked 
|  59|0x000000070b000000, 0x000000070b000000, 0x000000070b200000|  0%| F|  |TAMS 0x000000070b000000, 0x000000070b000000| Untracked 
|  60|0x000000070b200000, 0x000000070b200000, 0x000000070b400000|  0%| F|  |TAMS 0x000000070b200000, 0x000000070b200000| Untracked 
|  61|0x000000070b400000, 0x000000070b400000, 0x000000070b600000|  0%| F|  |TAMS 0x000000070b400000, 0x000000070b400000| Untracked 
|  62|0x000000070b600000, 0x000000070b600000, 0x000000070b800000|  0%| F|  |TAMS 0x000000070b600000, 0x000000070b600000| Untracked 
|  63|0x000000070b800000, 0x000000070b800000, 0x000000070ba00000|  0%| F|  |TAMS 0x000000070b800000, 0x000000070b800000| Untracked 
|  64|0x000000070ba00000, 0x000000070ba00000, 0x000000070bc00000|  0%| F|  |TAMS 0x000000070ba00000, 0x000000070ba00000| Untracked 
|  65|0x000000070bc00000, 0x000000070bc00000, 0x000000070be00000|  0%| F|  |TAMS 0x000000070bc00000, 0x000000070bc00000| Untracked 
|  66|0x000000070be00000, 0x000000070be00000, 0x000000070c000000|  0%| F|  |TAMS 0x000000070be00000, 0x000000070be00000| Untracked 
|  67|0x000000070c000000, 0x000000070c000000, 0x000000070c200000|  0%| F|  |TAMS 0x000000070c000000, 0x000000070c000000| Untracked 
|  68|0x000000070c200000, 0x000000070c200000, 0x000000070c400000|  0%| F|  |TAMS 0x000000070c200000, 0x000000070c200000| Untracked 
|  69|0x000000070c400000, 0x000000070c400000, 0x000000070c600000|  0%| F|  |TAMS 0x000000070c400000, 0x000000070c400000| Untracked 
|  70|0x000000070c600000, 0x000000070c600000, 0x000000070c800000|  0%| F|  |TAMS 0x000000070c600000, 0x000000070c600000| Untracked 
|  71|0x000000070c800000, 0x000000070c800000, 0x000000070ca00000|  0%| F|  |TAMS 0x000000070c800000, 0x000000070c800000| Untracked 
|  72|0x000000070ca00000, 0x000000070ca00000, 0x000000070cc00000|  0%| F|  |TAMS 0x000000070ca00000, 0x000000070ca00000| Untracked 
|  73|0x000000070cc00000, 0x000000070cc00000, 0x000000070ce00000|  0%| F|  |TAMS 0x000000070cc00000, 0x000000070cc00000| Untracked 
|  74|0x000000070ce00000, 0x000000070ce00000, 0x000000070d000000|  0%| F|  |TAMS 0x000000070ce00000, 0x000000070ce00000| Untracked 
|  75|0x000000070d000000, 0x000000070d000000, 0x000000070d200000|  0%| F|  |TAMS 0x000000070d000000, 0x000000070d000000| Untracked 
|  76|0x000000070d200000, 0x000000070d200000, 0x000000070d400000|  0%| F|  |TAMS 0x000000070d200000, 0x000000070d200000| Untracked 
|  77|0x000000070d400000, 0x000000070d400000, 0x000000070d600000|  0%| F|  |TAMS 0x000000070d400000, 0x000000070d400000| Untracked 
|  78|0x000000070d600000, 0x000000070d600000, 0x000000070d800000|  0%| F|  |TAMS 0x000000070d600000, 0x000000070d600000| Untracked 
|  79|0x000000070d800000, 0x000000070d800000, 0x000000070da00000|  0%| F|  |TAMS 0x000000070d800000, 0x000000070d800000| Untracked 
|  80|0x000000070da00000, 0x000000070da00000, 0x000000070dc00000|  0%| F|  |TAMS 0x000000070da00000, 0x000000070da00000| Untracked 
|  81|0x000000070dc00000, 0x000000070dc00000, 0x000000070de00000|  0%| F|  |TAMS 0x000000070dc00000, 0x000000070dc00000| Untracked 
|  82|0x000000070de00000, 0x000000070de00000, 0x000000070e000000|  0%| F|  |TAMS 0x000000070de00000, 0x000000070de00000| Untracked 
|  83|0x000000070e000000, 0x000000070e000000, 0x000000070e200000|  0%| F|  |TAMS 0x000000070e000000, 0x000000070e000000| Untracked 
|  84|0x000000070e200000, 0x000000070e200000, 0x000000070e400000|  0%| F|  |TAMS 0x000000070e200000, 0x000000070e200000| Untracked 
|  85|0x000000070e400000, 0x000000070e400000, 0x000000070e600000|  0%| F|  |TAMS 0x000000070e400000, 0x000000070e400000| Untracked 
|  86|0x000000070e600000, 0x000000070e600000, 0x000000070e800000|  0%| F|  |TAMS 0x000000070e600000, 0x000000070e600000| Untracked 
|  87|0x000000070e800000, 0x000000070e800000, 0x000000070ea00000|  0%| F|  |TAMS 0x000000070e800000, 0x000000070e800000| Untracked 
|  88|0x000000070ea00000, 0x000000070ea00000, 0x000000070ec00000|  0%| F|  |TAMS 0x000000070ea00000, 0x000000070ea00000| Untracked 
|  89|0x000000070ec00000, 0x000000070ec00000, 0x000000070ee00000|  0%| F|  |TAMS 0x000000070ec00000, 0x000000070ec00000| Untracked 
|  90|0x000000070ee00000, 0x000000070ee00000, 0x000000070f000000|  0%| F|  |TAMS 0x000000070ee00000, 0x000000070ee00000| Untracked 
|  91|0x000000070f000000, 0x000000070f000000, 0x000000070f200000|  0%| F|  |TAMS 0x000000070f000000, 0x000000070f000000| Untracked 
|  92|0x000000070f200000, 0x000000070f200000, 0x000000070f400000|  0%| F|  |TAMS 0x000000070f200000, 0x000000070f200000| Untracked 
|  93|0x000000070f400000, 0x000000070f400000, 0x000000070f600000|  0%| F|  |TAMS 0x000000070f400000, 0x000000070f400000| Untracked 
|  94|0x000000070f600000, 0x000000070f600000, 0x000000070f800000|  0%| F|  |TAMS 0x000000070f600000, 0x000000070f600000| Untracked 
|  95|0x000000070f800000, 0x000000070f800000, 0x000000070fa00000|  0%| F|  |TAMS 0x000000070f800000, 0x000000070f800000| Untracked 
|  96|0x000000070fa00000, 0x000000070fa00000, 0x000000070fc00000|  0%| F|  |TAMS 0x000000070fa00000, 0x000000070fa00000| Untracked 
|  97|0x000000070fc00000, 0x000000070fc00000, 0x000000070fe00000|  0%| F|  |TAMS 0x000000070fc00000, 0x000000070fc00000| Untracked 
|  98|0x000000070fe00000, 0x000000070fe00000, 0x0000000710000000|  0%| F|  |TAMS 0x000000070fe00000, 0x000000070fe00000| Untracked 
|  99|0x0000000710000000, 0x0000000710000000, 0x0000000710200000|  0%| F|  |TAMS 0x0000000710000000, 0x0000000710000000| Untracked 
| 100|0x0000000710200000, 0x0000000710200000, 0x0000000710400000|  0%| F|  |TAMS 0x0000000710200000, 0x0000000710200000| Untracked 
| 101|0x0000000710400000, 0x0000000710400000, 0x0000000710600000|  0%| F|  |TAMS 0x0000000710400000, 0x0000000710400000| Untracked 
| 102|0x0000000710600000, 0x0000000710600000, 0x0000000710800000|  0%| F|  |TAMS 0x0000000710600000, 0x0000000710600000| Untracked 
| 103|0x0000000710800000, 0x0000000710800000, 0x0000000710a00000|  0%| F|  |TAMS 0x0000000710800000, 0x0000000710800000| Untracked 
| 104|0x0000000710a00000, 0x0000000710a00000, 0x0000000710c00000|  0%| F|  |TAMS 0x0000000710a00000, 0x0000000710a00000| Untracked 
| 105|0x0000000710c00000, 0x0000000710c00000, 0x0000000710e00000|  0%| F|  |TAMS 0x0000000710c00000, 0x0000000710c00000| Untracked 
| 106|0x0000000710e00000, 0x0000000710e00000, 0x0000000711000000|  0%| F|  |TAMS 0x0000000710e00000, 0x0000000710e00000| Untracked 
| 107|0x0000000711000000, 0x0000000711000000, 0x0000000711200000|  0%| F|  |TAMS 0x0000000711000000, 0x0000000711000000| Untracked 
| 108|0x0000000711200000, 0x0000000711200000, 0x0000000711400000|  0%| F|  |TAMS 0x0000000711200000, 0x0000000711200000| Untracked 
| 109|0x0000000711400000, 0x0000000711400000, 0x0000000711600000|  0%| F|  |TAMS 0x0000000711400000, 0x0000000711400000| Untracked 
| 110|0x0000000711600000, 0x0000000711600000, 0x0000000711800000|  0%| F|  |TAMS 0x0000000711600000, 0x0000000711600000| Untracked 
| 111|0x0000000711800000, 0x0000000711800000, 0x0000000711a00000|  0%| F|  |TAMS 0x0000000711800000, 0x0000000711800000| Untracked 
| 112|0x0000000711a00000, 0x0000000711a00000, 0x0000000711c00000|  0%| F|  |TAMS 0x0000000711a00000, 0x0000000711a00000| Untracked 
| 113|0x0000000711c00000, 0x0000000711c00000, 0x0000000711e00000|  0%| F|  |TAMS 0x0000000711c00000, 0x0000000711c00000| Untracked 
| 114|0x0000000711e00000, 0x0000000711e00000, 0x0000000712000000|  0%| F|  |TAMS 0x0000000711e00000, 0x0000000711e00000| Untracked 
| 115|0x0000000712000000, 0x0000000712000000, 0x0000000712200000|  0%| F|  |TAMS 0x0000000712000000, 0x0000000712000000| Untracked 
| 116|0x0000000712200000, 0x0000000712200000, 0x0000000712400000|  0%| F|  |TAMS 0x0000000712200000, 0x0000000712200000| Untracked 
| 117|0x0000000712400000, 0x0000000712400000, 0x0000000712600000|  0%| F|  |TAMS 0x0000000712400000, 0x0000000712400000| Untracked 
| 118|0x0000000712600000, 0x0000000712600000, 0x0000000712800000|  0%| F|  |TAMS 0x0000000712600000, 0x0000000712600000| Untracked 
| 119|0x0000000712800000, 0x0000000712800000, 0x0000000712a00000|  0%| F|  |TAMS 0x0000000712800000, 0x0000000712800000| Untracked 
| 120|0x0000000712a00000, 0x0000000712a00000, 0x0000000712c00000|  0%| F|  |TAMS 0x0000000712a00000, 0x0000000712a00000| Untracked 
| 121|0x0000000712c00000, 0x0000000712c00000, 0x0000000712e00000|  0%| F|  |TAMS 0x0000000712c00000, 0x0000000712c00000| Untracked 
| 122|0x0000000712e00000, 0x0000000712f527d8, 0x0000000713000000| 66%| E|  |TAMS 0x0000000712e00000, 0x0000000712e00000| Complete 
| 123|0x0000000713000000, 0x0000000713200000, 0x0000000713200000|100%| E|CS|TAMS 0x0000000713000000, 0x0000000713000000| Complete 
| 124|0x0000000713200000, 0x0000000713400000, 0x0000000713400000|100%| E|  |TAMS 0x0000000713200000, 0x0000000713200000| Complete 
| 125|0x0000000713400000, 0x0000000713600000, 0x0000000713600000|100%| E|CS|TAMS 0x0000000713400000, 0x0000000713400000| Complete 
| 126|0x0000000713600000, 0x0000000713800000, 0x0000000713800000|100%| E|CS|TAMS 0x0000000713600000, 0x0000000713600000| Complete 

Card table byte_map: [0x0000020a73320000,0x0000020a73b10000] _byte_map_base: 0x0000020a6fb03000

Marking Bits (Prev, Next): (CMBitMap*) 0x0000020a6f11f200, (CMBitMap*) 0x0000020a6f11f240
 Prev Bits: [0x0000020a74300000, 0x0000020a78218000)
 Next Bits: [0x0000020a78220000, 0x0000020a7c138000)

Polling page: 0x0000020a6cf70000

Metaspace:

Usage:
  Non-class:      7.63 MB used.
      Class:    781.70 KB used.
       Both:      8.39 MB used.

Virtual space:
  Non-class space:       16.00 MB reserved,       7.69 MB ( 48%) committed,  2 nodes.
      Class space:        1.00 GB reserved,     832.00 KB ( <1%) committed,  1 nodes.
             Both:        1.02 GB reserved,       8.50 MB ( <1%) committed. 

Chunk freelists:
   Non-Class:  3.97 MB
       Class:  3.16 MB
        Both:  7.13 MB

MaxMetaspaceSize: unlimited
CompressedClassSpaceSize: 1.00 GB
Initial GC threshold: 21.00 MB
Current GC threshold: 21.00 MB
CDS: off
MetaspaceReclaimPolicy: balanced
 - commit_granule_bytes: 65536.
 - commit_granule_words: 8192.
 - virtual_space_node_default_size: 1048576.
 - enlarge_chunks_in_place: 1.
 - new_chunks_are_fully_committed: 0.
 - uncommit_free_chunks: 1.
 - use_allocation_guard: 0.
 - handle_deallocations: 1.


Internal statistics:

num_allocs_failed_limit: 0.
num_arena_births: 14.
num_arena_deaths: 0.
num_vsnodes_births: 3.
num_vsnodes_deaths: 0.
num_space_committed: 136.
num_space_uncommitted: 0.
num_chunks_returned_to_freelist: 0.
num_chunks_taken_from_freelist: 68.
num_chunk_merges: 0.
num_chunk_splits: 33.
num_chunks_enlarged: 23.
num_purges: 0.
num_inconsistent_stats: 0.

CodeHeap 'non-profiled nmethods': size=120000Kb used=161Kb max_used=161Kb free=119838Kb
 bounds [0x0000020a07ad0000, 0x0000020a07d40000, 0x0000020a0f000000]
CodeHeap 'profiled nmethods': size=120000Kb used=779Kb max_used=779Kb free=119220Kb
 bounds [0x0000020a005a0000, 0x0000020a00810000, 0x0000020a07ad0000]
CodeHeap 'non-nmethods': size=5760Kb used=1124Kb max_used=1141Kb free=4635Kb
 bounds [0x0000020a00000000, 0x0000020a00270000, 0x0000020a005a0000]
 total_blobs=874 nmethods=467 adapters=320
 compilation: enabled
              stopped_count=0, restarted_count=0
 full_count=0

Compilation events (20 events):
Event: 0.331 Thread 0x0000020a7f4c7b50  446       3       java.io.File::exists (34 bytes)
Event: 0.331 Thread 0x0000020a7f4c7b50 nmethod 446 0x0000020a00644b10 code [0x0000020a00644d00, 0x0000020a00645248]
Event: 0.331 Thread 0x0000020a7f4c7b50  447       3       java.nio.Buffer::hasRemaining (17 bytes)
Event: 0.331 Thread 0x0000020a7f4c7b50 nmethod 447 0x0000020a00645410 code [0x0000020a006455a0, 0x0000020a00645718]
Event: 0.332 Thread 0x0000020a7f7b81c0 nmethod 424 0x0000020a07af2890 code [0x0000020a07af2a80, 0x0000020a07af34a0]
Event: 0.332 Thread 0x0000020a7f7b81c0  441       4       java.util.zip.ZipCoder::hash (36 bytes)
Event: 0.334 Thread 0x0000020a7f4c7b50  449   !   3       jdk.internal.loader.BuiltinClassLoader::loadClassOrNull (143 bytes)
Event: 0.335 Thread 0x0000020a7f4c7b50 nmethod 449 0x0000020a00645790 code [0x0000020a00645ac0, 0x0000020a00647018]
Event: 0.335 Thread 0x0000020a7f4c7b50  450       3       java.lang.ClassLoader::getClassLoadingLock (35 bytes)
Event: 0.335 Thread 0x0000020a7f4c7b50 nmethod 450 0x0000020a00647890 code [0x0000020a00647a40, 0x0000020a00647d48]
Event: 0.335 Thread 0x0000020a7f4c7b50  451       3       java.util.ArrayDeque::addLast (51 bytes)
Event: 0.335 Thread 0x0000020a7f4c7b50 nmethod 451 0x0000020a00647e90 code [0x0000020a00648060, 0x0000020a00648538]
Event: 0.335 Thread 0x0000020a7f4c7b50  454       3       sun.net.www.protocol.file.Handler::parseURL (18 bytes)
Event: 0.336 Thread 0x0000020a7f4c7b50 nmethod 454 0x0000020a00648710 code [0x0000020a006488c0, 0x0000020a00648a78]
Event: 0.336 Thread 0x0000020a7f4c7b50  455       3       java.net.URLStreamHandler::parseURL (1201 bytes)
Event: 0.336 Thread 0x0000020a7f7b81c0 nmethod 441 0x0000020a07af3d90 code [0x0000020a07af3f20, 0x0000020a07af4248]
Event: 0.336 Thread 0x0000020a7f7b81c0  456  s!   4       jdk.internal.loader.URLClassPath::getLoader (194 bytes)
Event: 0.345 Thread 0x0000020a7f4bc560 nmethod 439 0x0000020a07af4910 code [0x0000020a07af4b20, 0x0000020a07af5790]
Event: 0.346 Thread 0x0000020a7f4bc560  458       4       java.lang.StringLatin1::replace (198 bytes)
Event: 0.346 Thread 0x0000020a0f792aa0  434       4       java.lang.StringBuilder::append (8 bytes)

GC Heap History (0 events):
No events

Deoptimization events (20 events):
Event: 0.229 Thread 0x0000020a6f0b4a00 DEOPT PACKING pc=0x0000020a005dcb8c sp=0x000000cde10fc530
Event: 0.229 Thread 0x0000020a6f0b4a00 DEOPT UNPACKING pc=0x0000020a00052b43 sp=0x000000cde10fb9c0 mode 0
Event: 0.229 Thread 0x0000020a6f0b4a00 DEOPT PACKING pc=0x0000020a005dcb8c sp=0x000000cde10fc530
Event: 0.229 Thread 0x0000020a6f0b4a00 DEOPT UNPACKING pc=0x0000020a00052b43 sp=0x000000cde10fb9c0 mode 0
Event: 0.229 Thread 0x0000020a6f0b4a00 DEOPT PACKING pc=0x0000020a005dcb8c sp=0x000000cde10fc530
Event: 0.229 Thread 0x0000020a6f0b4a00 DEOPT UNPACKING pc=0x0000020a00052b43 sp=0x000000cde10fb9c0 mode 0
Event: 0.229 Thread 0x0000020a6f0b4a00 DEOPT PACKING pc=0x0000020a005dcb8c sp=0x000000cde10fc530
Event: 0.229 Thread 0x0000020a6f0b4a00 DEOPT UNPACKING pc=0x0000020a00052b43 sp=0x000000cde10fb9c0 mode 0
Event: 0.229 Thread 0x0000020a6f0b4a00 DEOPT PACKING pc=0x0000020a005dcb8c sp=0x000000cde10fc530
Event: 0.229 Thread 0x0000020a6f0b4a00 DEOPT UNPACKING pc=0x0000020a00052b43 sp=0x000000cde10fb9c0 mode 0
Event: 0.229 Thread 0x0000020a6f0b4a00 DEOPT PACKING pc=0x0000020a005dcb8c sp=0x000000cde10fc530
Event: 0.229 Thread 0x0000020a6f0b4a00 DEOPT UNPACKING pc=0x0000020a00052b43 sp=0x000000cde10fb9c0 mode 0
Event: 0.229 Thread 0x0000020a6f0b4a00 DEOPT PACKING pc=0x0000020a005dcb8c sp=0x000000cde10fc530
Event: 0.229 Thread 0x0000020a6f0b4a00 DEOPT UNPACKING pc=0x0000020a00052b43 sp=0x000000cde10fb9c0 mode 0
Event: 0.238 Thread 0x0000020a6f0b4a00 DEOPT PACKING pc=0x0000020a005a90e7 sp=0x000000cde10fcc10
Event: 0.238 Thread 0x0000020a6f0b4a00 DEOPT UNPACKING pc=0x0000020a00052b43 sp=0x000000cde10fc030 mode 0
Event: 0.259 Thread 0x0000020a6f0b4a00 Uncommon trap: trap_request=0xffffff45 fr.pc=0x0000020a07ae6e30 relative=0x0000000000000190
Event: 0.259 Thread 0x0000020a6f0b4a00 Uncommon trap: reason=unstable_if action=reinterpret pc=0x0000020a07ae6e30 method=java.util.zip.ZipFile$Source.isMetaName([BII)Z @ 43 c2
Event: 0.259 Thread 0x0000020a6f0b4a00 DEOPT PACKING pc=0x0000020a07ae6e30 sp=0x000000cde10fc660
Event: 0.259 Thread 0x0000020a6f0b4a00 DEOPT UNPACKING pc=0x0000020a000523a3 sp=0x000000cde10fc608 mode 2

Classes unloaded (0 events):
No events

Classes redefined (0 events):
No events

Internal exceptions (4 events):
Event: 0.206 Thread 0x0000020a7f70f690 Exception <a 'java/lang/NoSuchMethodError'{0x0000000713475860}: 'java.lang.Object java.lang.invoke.DirectMethodHandle$Holder.invokeStaticInit(java.lang.Object)'> (0x0000000713475860) 
thrown [s\src\hotspot\share\interpreter\linkResolver.cpp, line 771]
Event: 0.212 Thread 0x0000020a6f0b4a00 Exception <a 'java/lang/NoSuchMethodError'{0x0000000713444c78}: 'void java.lang.invoke.DirectMethodHandle$Holder.invokeStatic(java.lang.Object, java.lang.Object)'> (0x0000000713444c78) 
thrown [s\src\hotspot\share\interpreter\linkResolver.cpp, line 771]
Event: 0.213 Thread 0x0000020a7f70f690 Exception <a 'java/lang/NoSuchMethodError'{0x0000000713483108}: 'void java.lang.invoke.DirectMethodHandle$Holder.invokeStatic(java.lang.Object, java.lang.Object)'> (0x0000000713483108) 
thrown [s\src\hotspot\share\interpreter\linkResolver.cpp, line 771]
Event: 0.321 Thread 0x0000020a6f0b4a00 Exception <a 'java/lang/NoSuchMethodError'{0x00000007131b7078}: 'int java.lang.invoke.DirectMethodHandle$Holder.invokeStaticInit(java.lang.Object, java.lang.Object)'> (0x00000007131b7078) 
thrown [s\src\hotspot\share\interpreter\linkResolver.cpp, line 771]

VM Operations (6 events):
Event: 0.158 Executing VM operation: HandshakeAllThreads
Event: 0.158 Executing VM operation: HandshakeAllThreads done
Event: 0.203 Executing VM operation: HandshakeAllThreads
Event: 0.203 Executing VM operation: HandshakeAllThreads done
Event: 0.294 Executing VM operation: HandshakeAllThreads
Event: 0.294 Executing VM operation: HandshakeAllThreads done

Events (20 events):
Event: 0.300 loading class jdk/internal/loader/BuiltinClassLoader$1 done
Event: 0.301 loading class java/lang/CompoundEnumeration
Event: 0.301 loading class java/lang/CompoundEnumeration done
Event: 0.301 loading class jdk/internal/loader/URLClassPath$1
Event: 0.301 loading class jdk/internal/loader/URLClassPath$1 done
Event: 0.311 loading class java/util/BitSet
Event: 0.312 loading class java/util/BitSet done
Event: 0.316 loading class java/util/concurrent/ExecutorService
Event: 0.316 loading class java/util/concurrent/Executor
Event: 0.316 loading class java/util/concurrent/Executor done
Event: 0.316 loading class java/util/concurrent/ExecutorService done
Event: 0.323 loading class java/io/StringReader
Event: 0.323 loading class java/io/StringReader done
Event: 0.323 loading class java/io/StringWriter
Event: 0.323 loading class java/io/StringWriter done
Event: 0.346 Thread 0x0000020a0f792aa0 Thread added: 0x0000020a0f792aa0
Event: 0.346 loading class java/lang/InstantiationException
Event: 0.346 loading class java/lang/InstantiationException done
Event: 0.346 loading class java/lang/IllegalAccessException
Event: 0.346 loading class java/lang/IllegalAccessException done


Dynamic libraries:
0x00007ff66ca80000 - 0x00007ff66ca8a000 	C:\Program Files\JetBrains\IntelliJ IDEA Community Edition 2022.2.3\jbr\bin\java.exe
0x00007ffd93530000 - 0x00007ffd93728000 	C:\Windows\SYSTEM32\ntdll.dll
0x00007ffd91f00000 - 0x00007ffd91fbf000 	C:\Windows\System32\KERNEL32.DLL
0x00007ffd90d30000 - 0x00007ffd91002000 	C:\Windows\System32\KERNELBASE.dll
0x00007ffd91350000 - 0x00007ffd91450000 	C:\Windows\System32\ucrtbase.dll
0x00007ffd8da50000 - 0x00007ffd8da67000 	C:\Program Files\JetBrains\IntelliJ IDEA Community Edition 2022.2.3\jbr\bin\jli.dll
0x00007ffd8da70000 - 0x00007ffd8da8b000 	C:\Program Files\JetBrains\IntelliJ IDEA Community Edition 2022.2.3\jbr\bin\VCRUNTIME140.dll
0x00007ffd92070000 - 0x00007ffd92211000 	C:\Windows\System32\USER32.dll
0x00007ffd91190000 - 0x00007ffd911b2000 	C:\Windows\System32\win32u.dll
0x00007ffd76270000 - 0x00007ffd7650a000 	C:\Windows\WinSxS\amd64_microsoft.windows.common-controls_6595b64144ccf1df_6.0.19041.1110_none_60b5254171f9507e\COMCTL32.dll
0x00007ffd91fe0000 - 0x00007ffd9200b000 	C:\Windows\System32\GDI32.dll
0x00007ffd92500000 - 0x00007ffd9259e000 	C:\Windows\System32\msvcrt.dll
0x00007ffd90c20000 - 0x00007ffd90d2f000 	C:\Windows\System32\gdi32full.dll
0x00007ffd910f0000 - 0x00007ffd9118d000 	C:\Windows\System32\msvcp_win.dll
0x00007ffd93270000 - 0x00007ffd932a2000 	C:\Windows\System32\IMM32.DLL
0x00007ffd8da40000 - 0x00007ffd8da4c000 	C:\Program Files\JetBrains\IntelliJ IDEA Community Edition 2022.2.3\jbr\bin\vcruntime140_1.dll
0x00007ffd78c00000 - 0x00007ffd78c8d000 	C:\Program Files\JetBrains\IntelliJ IDEA Community Edition 2022.2.3\jbr\bin\msvcp140.dll
0x00007ffd51fa0000 - 0x00007ffd52c09000 	C:\Program Files\JetBrains\IntelliJ IDEA Community Edition 2022.2.3\jbr\bin\server\jvm.dll
0x00007ffd91570000 - 0x00007ffd9161e000 	C:\Windows\System32\ADVAPI32.dll
0x00007ffd92460000 - 0x00007ffd924fc000 	C:\Windows\System32\sechost.dll
0x00007ffd92a10000 - 0x00007ffd92b35000 	C:\Windows\System32\RPCRT4.dll
0x00007ffd92240000 - 0x00007ffd92248000 	C:\Windows\System32\PSAPI.DLL
0x00007ffd88f20000 - 0x00007ffd88f2a000 	C:\Windows\SYSTEM32\VERSION.dll
0x00007ffd6b3f0000 - 0x00007ffd6b417000 	C:\Windows\SYSTEM32\WINMM.dll
0x00007ffd72620000 - 0x00007ffd72629000 	C:\Windows\SYSTEM32\WSOCK32.dll
0x00007ffd93150000 - 0x00007ffd931bb000 	C:\Windows\System32\WS2_32.dll
0x00007ffd8f3e0000 - 0x00007ffd8f3f2000 	C:\Windows\SYSTEM32\kernel.appcore.dll
0x00007ffd8da30000 - 0x00007ffd8da3a000 	C:\Program Files\JetBrains\IntelliJ IDEA Community Edition 2022.2.3\jbr\bin\jimage.dll
0x00007ffd8e790000 - 0x00007ffd8e974000 	C:\Windows\SYSTEM32\DBGHELP.DLL
0x00007ffd71910000 - 0x00007ffd71945000 	C:\Windows\SYSTEM32\dbgcore.DLL
0x00007ffd91010000 - 0x00007ffd91092000 	C:\Windows\System32\bcryptPrimitives.dll
0x00007ffd8da20000 - 0x00007ffd8da2e000 	C:\Program Files\JetBrains\IntelliJ IDEA Community Edition 2022.2.3\jbr\bin\instrument.dll
0x00007ffd78970000 - 0x00007ffd78995000 	C:\Program Files\JetBrains\IntelliJ IDEA Community Edition 2022.2.3\jbr\bin\java.dll
0x00007ffd8c3c0000 - 0x00007ffd8c3d8000 	C:\Program Files\JetBrains\IntelliJ IDEA Community Edition 2022.2.3\jbr\bin\zip.dll
0x00007ffd91750000 - 0x00007ffd91e94000 	C:\Windows\System32\SHELL32.dll
0x00007ffd8ec40000 - 0x00007ffd8f3d2000 	C:\Windows\SYSTEM32\windows.storage.dll
0x00007ffd92c50000 - 0x00007ffd92fa5000 	C:\Windows\System32\combase.dll
0x00007ffd904c0000 - 0x00007ffd904f0000 	C:\Windows\SYSTEM32\Wldp.dll
0x00007ffd931c0000 - 0x00007ffd9326d000 	C:\Windows\System32\SHCORE.dll
0x00007ffd92010000 - 0x00007ffd92065000 	C:\Windows\System32\shlwapi.dll
0x00007ffd90b60000 - 0x00007ffd90b7f000 	C:\Windows\SYSTEM32\profapi.dll
0x00007ffd89c90000 - 0x00007ffd89ca9000 	C:\Program Files\JetBrains\IntelliJ IDEA Community Edition 2022.2.3\jbr\bin\net.dll
0x00007ffd8af70000 - 0x00007ffd8b07c000 	C:\Windows\SYSTEM32\WINHTTP.dll
0x00007ffd902a0000 - 0x00007ffd9030a000 	C:\Windows\system32\mswsock.dll
0x00007ffd89850000 - 0x00007ffd89866000 	C:\Program Files\JetBrains\IntelliJ IDEA Community Edition 2022.2.3\jbr\bin\nio.dll
0x00007ffd789b0000 - 0x00007ffd789ca000 	C:\Program Files\JetBrains\IntelliJ IDEA Community Edition 2022.2.3\bin\breakgen64.dll

dbghelp: loaded successfully - version: 4.0.5 - missing functions: none
symbol engine: initialized successfully - sym options: 0x614 - pdb path: .;C:\Program Files\JetBrains\IntelliJ IDEA Community Edition 2022.2.3\jbr\bin;C:\Windows\SYSTEM32;C:\Windows\WinSxS\amd64_microsoft.windows.common-controls_6595b64144ccf1df_6.0.19041.1110_none_60b5254171f9507e;C:\Program Files\JetBrains\IntelliJ IDEA Community Edition 2022.2.3\jbr\bin\server;C:\Program Files\JetBrains\IntelliJ IDEA Community Edition 2022.2.3\bin

VM Arguments:
jvm_args: -ea -Didea.test.cyclic.buffer.size=1048576 -javaagent:C:\Program Files\JetBrains\IntelliJ IDEA Community Edition 2022.2.3\lib\idea_rt.jar=61199:C:\Program Files\JetBrains\IntelliJ IDEA Community Edition 2022.2.3\bin -Dfile.encoding=UTF-8 
java_command: com.intellij.rt.testng.RemoteTestNGStarter -usedefaultlisteners false -socket61198 @w@C:\Users\Vinod.Patil\AppData\Local\Temp\idea_working_dirs_testng.tmp -temp C:\Users\Vinod.Patil\AppData\Local\Temp\idea_testng.tmp
java_class_path (initial): C:\Program Files\JetBrains\IntelliJ IDEA Community Edition 2022.2.3\lib\idea_rt.jar;C:\Program Files\JetBrains\IntelliJ IDEA Community Edition 2022.2.3\plugins\testng\lib\testng-rt.jar;D:\AppiumProject\ProjMaven\target\test-classes;D:\AppiumProject\ProjMaven\target\classes;C:\Users\Vinod.Patil\.m2\repository\io\appium\java-client\8.3.0\java-client-8.3.0.jar;C:\Users\Vinod.Patil\.m2\repository\org\seleniumhq\selenium\selenium-api\4.7.2\selenium-api-4.7.2.jar;C:\Users\Vinod.Patil\.m2\repository\org\seleniumhq\selenium\selenium-remote-driver\4.7.2\selenium-remote-driver-4.7.2.jar;C:\Users\Vinod.Patil\.m2\repository\com\google\auto\service\auto-service-annotations\1.0.1\auto-service-annotations-1.0.1.jar;C:\Users\Vinod.Patil\.m2\repository\com\google\auto\service\auto-service\1.0.1\auto-service-1.0.1.jar;C:\Users\Vinod.Patil\.m2\repository\com\google\auto\auto-common\1.2\auto-common-1.2.jar;C:\Users\Vinod.Patil\.m2\repository\com\google\guava\guava\31.1-jre\guava-31.1-jre.jar;C:\Users\Vinod.Patil\.m2\repository\com\google\guava\failureaccess\1.0.1\failureaccess-1.0.1.jar;C:\Users\Vinod.Patil\.m2\repository\com\google\guava\listenablefuture\9999.0-empty-to-avoid-conflict-with-guava\listenablefuture-9999.0-empty-to-avoid-conflict-with-guava.jar;C:\Users\Vinod.Patil\.m2\repository\com\google\code\findbugs\jsr305\3.0.2\jsr305-3.0.2.jar;C:\Users\Vinod.Patil\.m2\repository\org\checkerframework\checker-qual\3.12.0\checker-qual-3.12.0.jar;C:\Users\Vinod.Patil\.m2\repository\com\google\errorprone\error_prone_annotations\2.11.0\error_prone_annotations-2.11.0.jar;C:\Users\Vinod.Patil\.m2\repository\com\google\j2objc\j2objc-annotations\1.3\j2objc-annotations-1.3.jar;C:\Users\Vinod.Patil\.m2\repository\io\netty\netty-buffer\4.1.84.Final\netty-buffer-4.1.84.Final.jar;C:\Users\Vinod.Patil\.m2\repository\io\netty\netty-codec-http\4.1.84.Final\netty-codec-http-4.1.84.Final.jar;C:\Users\Vinod.Patil\.m2\repository\io\netty\netty-codec\4.1.84.Final\netty-codec-
Launcher Type: SUN_STANDARD

[Global flags]
     intx CICompilerCount                          = 4                                         {product} {ergonomic}
     uint ConcGCThreads                            = 2                                         {product} {ergonomic}
     uint G1ConcRefinementThreads                  = 8                                         {product} {ergonomic}
   size_t G1HeapRegionSize                         = 2097152                                   {product} {ergonomic}
    uintx GCDrainStackTargetSize                   = 64                                        {product} {ergonomic}
   size_t InitialHeapSize                          = 266338304                                 {product} {ergonomic}
   size_t MarkStackSize                            = 4194304                                   {product} {ergonomic}
   size_t MaxHeapSize                              = 4234149888                                {product} {ergonomic}
   size_t MaxNewSize                               = 2539651072                                {product} {ergonomic}
   size_t MinHeapDeltaBytes                        = 2097152                                   {product} {ergonomic}
   size_t MinHeapSize                              = 8388608                                   {product} {ergonomic}
    uintx NonNMethodCodeHeapSize                   = 5839372                                {pd product} {ergonomic}
    uintx NonProfiledCodeHeapSize                  = 122909434                              {pd product} {ergonomic}
    uintx ProfiledCodeHeapSize                     = 122909434                              {pd product} {ergonomic}
    uintx ReservedCodeCacheSize                    = 251658240                              {pd product} {ergonomic}
     bool SegmentedCodeCache                       = true                                      {product} {ergonomic}
   size_t SoftMaxHeapSize                          = 4234149888                             {manageable} {ergonomic}
     bool UseCompressedClassPointers               = true                           {product lp64_product} {ergonomic}
     bool UseCompressedOops                        = true                           {product lp64_product} {ergonomic}
     bool UseG1GC                                  = true                                      {product} {ergonomic}
     bool UseLargePagesIndividualAllocation        = false                                  {pd product} {ergonomic}

Logging:
Log output configuration:
 #0: stdout all=warning uptime,level,tags
 #1: stderr all=off uptime,level,tags

Environment Variables:
JAVA_HOME=C:\Program Files\Java\jdk-19
PATH=C:\Program Files\Common Files\Oracle\Java\javapath;C:\Program Files (x86)\Common Files\Oracle\Java\javapath;C:\Python39\Scripts\;C:\Python39\;C:\Windows\system32;C:\Windows;C:\Windows\System32\Wbem;C:\Windows\System32\WindowsPowerShell\v1.0\;C:\Windows\System32\OpenSSH\;C:\Program Files\Git\cmd;C:\Users\Hitesh.Borawake\AppData\Roaming\nvm;C:\Program Files\nodejs;C:\Program Files\dotnet\;C:\Program Files\Docker\Docker\resources\bin;C:\ProgramData\DockerDesktop\version-bin;C:\Program Files\nodejs\;C:\ProgramData\chocolatey\bin;C:\Program Files\Go\bin;C:\Users\Vinod.Patil\AppData\Local\Android\Sdk\build-tools;C:\Users\Vinod.Patil\AppData\Local\Android\Sdk\platforms;C:\Users\Vinod.Patil\AppData\Local\Android\Sdk\platform-tools;C:\Users\Vinod.Patil\AppData\Local\Android\Sdk;C:\Program Files\Java\jdk-19\bin;C:\Users\Vinod.Patil\AppData\Local\Microsoft\WindowsApps;C:\Users\Vinod.Patil\go\bin;C:\Users\Vinod.Patil\AppData\Local\Programs\Microsoft VS Code\bin;C:\Program Files\Maven\apache-maven-3.8.6\bin;
USERNAME=Vinod.Patil
OS=Windows_NT
PROCESSOR_IDENTIFIER=Intel64 Family 6 Model 142 Stepping 12, GenuineIntel
TMP=C:\Users\VINOD~1.PAT\AppData\Local\Temp
TEMP=C:\Users\VINOD~1.PAT\AppData\Local\Temp



---------------  S Y S T E M  ---------------

OS:
 Windows 10 , 64 bit Build 19041 (10.0.19041.2364)
OS uptime: 0 days 14:56 hours
Hyper-V role detected

CPU: total 8 (initial active 8) (4 cores per cpu, 2 threads per core) family 6 model 142 stepping 12 microcode 0xde, cx8, cmov, fxsr, ht, mmx, 3dnowpref, sse, sse2, sse3, ssse3, sse4.1, sse4.2, popcnt, lzcnt, tsc, tscinvbit, avx, avx2, aes, erms, clmul, bmi1, bmi2, adx, fma, vzeroupper, clflush, clflushopt, hv

Memory: 4k page, system-wide physical 16144M (1831M free)
TotalPageFile size 35344M (AvailPageFile size 2M)
current process WorkingSet (physical memory assigned to process): 57M, peak: 57M
current process commit charge ("private bytes"): 351M, peak: 351M

vm_info: OpenJDK 64-Bit Server VM (17.0.4.1+7-b469.62) for windows-amd64 JRE (17.0.4.1+7-b469.62), built on 2022-09-22 by "builduser" with MS VC++ 16.10 / 16.11 (VS2019)

END.
